Using pre-set license
Built from '2020.3/staging' branch; Version is '2020.3.19f1 (68f137dc9bbe) revision 6877495'; Using compiler version '192528614'; Build Type 'Release'
OS: 'Windows 10 Home; OS build 19042.1526; Version 2009; 64bit' Language: 'en' Physical Memory: 16338 MB
BatchMode: 1, IsHumanControllingUs: 0, StartBugReporterOnCrash: 0, Is64bit: 1, IsPro: 0

COMMAND LINE ARGUMENTS:
C:\Program Files\Unity Program\2020.3.19f1\Editor\Unity.exe
-adb2
-batchMode
-noUpm
-name
AssetImportWorker0
-projectPath
C:/Users/jacku/Documents/TowerDefense1.2
-logFile
Logs/AssetImportWorker0.log
-srvPort
54644
Successfully changed project path to: C:/Users/jacku/Documents/TowerDefense1.2
C:/Users/jacku/Documents/TowerDefense1.2
Using Asset Import Pipeline V2.
Refreshing native plugins compatible for Editor in 177.53 ms, found 6 plugins.
Preloading 0 native plugins for Editor in 0.00 ms.
Initialize engine version: 2020.3.19f1 (68f137dc9bbe)
[Subsystems] Discovering subsystems at path C:/Program Files/Unity Program/2020.3.19f1/Editor/Data/Resources/UnitySubsystems
[Subsystems] Discovering subsystems at path C:/Users/jacku/Documents/TowerDefense1.2/Assets
GfxDevice: creating device client; threaded=0
Direct3D:
    Version:  Direct3D 11.0 [level 11.1]
    Renderer: NVIDIA GeForce GTX 1070 (ID=0x1be1)
    Vendor:   
    VRAM:     8081 MB
    Driver:   27.21.14.5638
Initialize mono
Mono path[0] = 'C:/Program Files/Unity Program/2020.3.19f1/Editor/Data/Managed'
Mono path[1] = 'C:/Program Files/Unity Program/2020.3.19f1/Editor/Data/MonoBleedingEdge/lib/mono/unityjit'
Mono config path = 'C:/Program Files/Unity Program/2020.3.19f1/Editor/Data/MonoBleedingEdge/etc'
Using monoOptions --debugger-agent=transport=dt_socket,embedding=1,server=y,suspend=n,address=127.0.0.1:56088
Begin MonoManager ReloadAssembly
Registering precompiled unity dll's ...
Register platform support module: C:/Program Files/Unity Program/2020.3.19f1/Editor/Data/PlaybackEngines/WindowsStandaloneSupport/UnityEditor.WindowsStandalone.Extensions.dll
Registered in 0.002714 seconds.
Native extension for WindowsStandalone target not found
Refreshing native plugins compatible for Editor in 114.95 ms, found 6 plugins.
Preloading 0 native plugins for Editor in 0.00 ms.
Mono: successfully reloaded assembly
- Completed reload, in  1.799 seconds
Domain Reload Profiling:
	ReloadAssembly (1800ms)
		BeginReloadAssembly (77ms)
			ExecutionOrderSort (0ms)
			DisableScriptedObjects (0ms)
			BackupInstance (0ms)
			ReleaseScriptingObjects (0ms)
			CreateAndSetChildDomain (1ms)
		EndReloadAssembly (705ms)
			LoadAssemblies (73ms)
			RebuildTransferFunctionScriptingTraits (0ms)
			SetupTypeCache (194ms)
			ReleaseScriptCaches (0ms)
			RebuildScriptCaches (58ms)
			SetupLoadedEditorAssemblies (331ms)
				LogAssemblyErrors (0ms)
				InitializePlatformSupportModulesInManaged (7ms)
				SetLoadedEditorAssemblies (0ms)
				RefreshPlugins (115ms)
				BeforeProcessingInitializeOnLoad (18ms)
				ProcessInitializeOnLoadAttributes (137ms)
				ProcessInitializeOnLoadMethodAttributes (53ms)
				AfterProcessingInitializeOnLoad (0ms)
				EditorAssembliesLoaded (1ms)
			ExecutionOrderSort2 (0ms)
			AwakeInstancesAfterBackupRestoration (0ms)
Platform modules already initialized, skipping
Registering precompiled user dll's ...
Registered in 0.020527 seconds.
Begin MonoManager ReloadAssembly
Native extension for WindowsStandalone target not found
Refreshing native plugins compatible for Editor in 115.74 ms, found 6 plugins.
Preloading 0 native plugins for Editor in 0.00 ms.
Mono: successfully reloaded assembly
- Completed reload, in  2.036 seconds
Domain Reload Profiling:
	ReloadAssembly (2037ms)
		BeginReloadAssembly (188ms)
			ExecutionOrderSort (0ms)
			DisableScriptedObjects (7ms)
			BackupInstance (0ms)
			ReleaseScriptingObjects (0ms)
			CreateAndSetChildDomain (24ms)
		EndReloadAssembly (1765ms)
			LoadAssemblies (131ms)
			RebuildTransferFunctionScriptingTraits (0ms)
			SetupTypeCache (417ms)
			ReleaseScriptCaches (1ms)
			RebuildScriptCaches (101ms)
			SetupLoadedEditorAssemblies (941ms)
				LogAssemblyErrors (0ms)
				InitializePlatformSupportModulesInManaged (5ms)
				SetLoadedEditorAssemblies (0ms)
				RefreshPlugins (116ms)
				BeforeProcessingInitializeOnLoad (130ms)
				ProcessInitializeOnLoadAttributes (623ms)
				ProcessInitializeOnLoadMethodAttributes (57ms)
				AfterProcessingInitializeOnLoad (10ms)
				EditorAssembliesLoaded (0ms)
			ExecutionOrderSort2 (0ms)
			AwakeInstancesAfterBackupRestoration (8ms)
Platform modules already initialized, skipping
========================================================================
Worker process is ready to serve import requests
Launched and connected shader compiler UnityShaderCompiler.exe after 0.10 seconds
Refreshing native plugins compatible for Editor in 1.47 ms, found 6 plugins.
Preloading 0 native plugins for Editor in 0.00 ms.
Unloading 3246 Unused Serialized files (Serialized files now loaded: 0)
System memory in use before: 122.4 MB.
System memory in use after: 122.6 MB.

Unloading 129 unused Assets to reduce memory usage. Loaded Objects now: 3589.
Total: 10.062200 ms (FindLiveObjects: 0.321800 ms CreateObjectMapping: 0.224800 ms MarkObjects: 9.367700 ms  DeleteObjects: 0.146600 ms)

AssetImportParameters requested are different than current active one (requested -> active):
  custom:framework-win-MediaFoundation: 216162199b28c13a410421893ffa2e32 -> 
  custom:video-decoder-ogg-theora: a1e56fd34408186e4bbccfd4996cb3dc -> 
  custom:container-muxer-webm: aa71ff27fc2769a1b78a27578f13a17b -> 
  custom:container-demuxer-webm: 4f35f7cbe854078d1ac9338744f61a02 -> 
  custom:container-demuxer-ogg: 62fdf1f143b41e24485cea50d1cbac27 -> 
  custom:video-encoder-webm-vp8: eb34c28f22e8b96e1ab97ce403110664 -> 
  custom:video-decoder-webm-vp8: 9c59270c3fd7afecdb556c50c9e8de78 -> 
  custom:audio-decoder-ogg-vorbis: bf7c407c2cedff20999df2af8eb42d56 -> 
  custom:audio-encoder-webm-vorbis: bf7c407c2cedff20999df2af8eb42d56 -> 
========================================================================
Received Import Request.
  path: Assets/Prefabs/Monsters/Werewolf.prefab
  artifactKey: Guid(ecfadcc69c575ae49a140681d536597e) Importer(815301076,1909f56bfc062723c751e8b465ee728b)
Start importing Assets/Prefabs/Monsters/Werewolf.prefab using Guid(ecfadcc69c575ae49a140681d536597e) Importer(815301076,1909f56bfc062723c751e8b465ee728b)  -> (artifact id: '128120873dddd7211d556c93d3ca981b') in 0.180468 seconds 
  Import took 0.187620 seconds .

========================================================================
Received Import Request.
  Time since last request: 0.000508 seconds.
  path: Assets/Prefabs/Pianist.prefab
  artifactKey: Guid(2f29dc4376786824da72d2acecd97343) Importer(815301076,1909f56bfc062723c751e8b465ee728b)
Start importing Assets/Prefabs/Pianist.prefab using Guid(2f29dc4376786824da72d2acecd97343) Importer(815301076,1909f56bfc062723c751e8b465ee728b)  -> (artifact id: '5bc75e91a2a9be062f91a131079cb5bf') in 0.104557 seconds 
  Import took 0.111421 seconds .

========================================================================
Received Import Request.
  Time since last request: 0.000563 seconds.
  path: Assets/Prefabs/Monsters/Skele.prefab
  artifactKey: Guid(2ce506436045c9845a24165985931ca1) Importer(815301076,1909f56bfc062723c751e8b465ee728b)
Start importing Assets/Prefabs/Monsters/Skele.prefab using Guid(2ce506436045c9845a24165985931ca1) Importer(815301076,1909f56bfc062723c751e8b465ee728b)  -> (artifact id: 'a3013a26c49651f09be7bdd942e0cd05') in 0.030044 seconds 
  Import took 0.036991 seconds .

========================================================================
Received Import Request.
  Time since last request: 0.000440 seconds.
  path: Assets/Prefabs/Monsters/Specter.prefab
  artifactKey: Guid(46d552f0c475e5042ae8965d31034140) Importer(815301076,1909f56bfc062723c751e8b465ee728b)
Start importing Assets/Prefabs/Monsters/Specter.prefab using Guid(46d552f0c475e5042ae8965d31034140) Importer(815301076,1909f56bfc062723c751e8b465ee728b)  -> (artifact id: '2a8da3dd563840d24857fd31c1574587') in 0.021865 seconds 
  Import took 0.028303 seconds .

========================================================================
Received Import Request.
  Time since last request: 0.000415 seconds.
  path: Assets/Prefabs/Monsters/Zombie.prefab
  artifactKey: Guid(82054266aeb2c90429fa346db8bcb3de) Importer(815301076,1909f56bfc062723c751e8b465ee728b)
Start importing Assets/Prefabs/Monsters/Zombie.prefab using Guid(82054266aeb2c90429fa346db8bcb3de) Importer(815301076,1909f56bfc062723c751e8b465ee728b)  -> (artifact id: '8c2b992ecf24af58ce2af3975b4d7ed3') in 0.024735 seconds 
  Import took 0.033253 seconds .

========================================================================
Received Import Request.
  Time since last request: 0.000421 seconds.
  path: Assets/Prefabs/Guitarist.prefab
  artifactKey: Guid(8f9714dbf5d8e434eb95e82a66fe3ed6) Importer(815301076,1909f56bfc062723c751e8b465ee728b)
Start importing Assets/Prefabs/Guitarist.prefab using Guid(8f9714dbf5d8e434eb95e82a66fe3ed6) Importer(815301076,1909f56bfc062723c751e8b465ee728b)  -> (artifact id: '0982613057f60823b678d386005e3319') in 0.044416 seconds 
  Import took 0.051773 seconds .

========================================================================
Received Import Request.
  Time since last request: 0.000438 seconds.
  path: Assets/Prefabs/Monsters/SeaMonster.prefab
  artifactKey: Guid(80512bcb57d8fdb4eb3cd520f0906d15) Importer(815301076,1909f56bfc062723c751e8b465ee728b)
Start importing Assets/Prefabs/Monsters/SeaMonster.prefab using Guid(80512bcb57d8fdb4eb3cd520f0906d15) Importer(815301076,1909f56bfc062723c751e8b465ee728b)  -> (artifact id: 'cf0ff125492a789934edd85c6ba04827') in 0.021642 seconds 
  Import took 0.028158 seconds .

========================================================================
Received Import Request.
  Time since last request: 0.000403 seconds.
  path: Assets/Prefabs/Monsters/Vampire.prefab
  artifactKey: Guid(f78f13c7be8b7284a9ca96f73733a2b7) Importer(815301076,1909f56bfc062723c751e8b465ee728b)
Start importing Assets/Prefabs/Monsters/Vampire.prefab using Guid(f78f13c7be8b7284a9ca96f73733a2b7) Importer(815301076,1909f56bfc062723c751e8b465ee728b)  -> (artifact id: '122fa88cfc82dbcc9b88014f9edd2f05') in 0.023014 seconds 
  Import took 0.029826 seconds .

========================================================================
Received Import Request.
  Time since last request: 0.000384 seconds.
  path: Assets/Prefabs/Monsters/Mummy.prefab
  artifactKey: Guid(f2c7d109df3523e459a5190c3fc54bd7) Importer(815301076,1909f56bfc062723c751e8b465ee728b)
Start importing Assets/Prefabs/Monsters/Mummy.prefab using Guid(f2c7d109df3523e459a5190c3fc54bd7) Importer(815301076,1909f56bfc062723c751e8b465ee728b)  -> (artifact id: '59a5194b67f82a162866825b5d669b69') in 0.022836 seconds 
  Import took 0.029852 seconds .

========================================================================
Received Import Request.
  Time since last request: 0.000371 seconds.
  path: Assets/Prefabs/Monsters/Boss.prefab
  artifactKey: Guid(09f515dd662944f2dba3e2aeea21b60e) Importer(815301076,1909f56bfc062723c751e8b465ee728b)
Start importing Assets/Prefabs/Monsters/Boss.prefab using Guid(09f515dd662944f2dba3e2aeea21b60e) Importer(815301076,1909f56bfc062723c751e8b465ee728b)  -> (artifact id: '3bad8ea5dc69038a68cf0b2a0b6cf046') in 0.026060 seconds 
  Import took 0.035390 seconds .

========================================================================
Received Import Request.
  Time since last request: 0.000371 seconds.
  path: Assets/Prefabs/Monsters/Alien.prefab
  artifactKey: Guid(57895a1feac3b4042949e86ad8b4e3e7) Importer(815301076,1909f56bfc062723c751e8b465ee728b)
Start importing Assets/Prefabs/Monsters/Alien.prefab using Guid(57895a1feac3b4042949e86ad8b4e3e7) Importer(815301076,1909f56bfc062723c751e8b465ee728b)  -> (artifact id: '308fd31378e0c403b0cae400ce5877d7') in 0.023895 seconds 
  Import took 0.031937 seconds .

========================================================================
Received Import Request.
  Time since last request: 0.000331 seconds.
  path: Assets/Prefabs/Drummer.prefab
  artifactKey: Guid(08d45df050174a84883aace92e6b4333) Importer(815301076,1909f56bfc062723c751e8b465ee728b)
Start importing Assets/Prefabs/Drummer.prefab using Guid(08d45df050174a84883aace92e6b4333) Importer(815301076,1909f56bfc062723c751e8b465ee728b)  -> (artifact id: '97e0ab7000d5e5d3aa6d4304f6eafec4') in 0.038092 seconds 
  Import took 0.045721 seconds .

========================================================================
Received Import Request.
  Time since last request: 0.000314 seconds.
  path: Assets/Prefabs/Monsters/Ghost.prefab
  artifactKey: Guid(91695759a6f74a34482ea82d14743e4e) Importer(815301076,1909f56bfc062723c751e8b465ee728b)
Start importing Assets/Prefabs/Monsters/Ghost.prefab using Guid(91695759a6f74a34482ea82d14743e4e) Importer(815301076,1909f56bfc062723c751e8b465ee728b)  -> (artifact id: '047e5dbd62a6f552a4739810ba8683c9') in 0.022992 seconds 
  Import took 0.029140 seconds .

========================================================================
Received Prepare
Registering precompiled user dll's ...
Registered in 0.013490 seconds.
Begin MonoManager ReloadAssembly
Native extension for WindowsStandalone target not found
Refreshing native plugins compatible for Editor in 1.90 ms, found 6 plugins.
Preloading 0 native plugins for Editor in 0.00 ms.
Mono: successfully reloaded assembly
- Completed reload, in  2.052 seconds
Domain Reload Profiling:
	ReloadAssembly (2054ms)
		BeginReloadAssembly (187ms)
			ExecutionOrderSort (0ms)
			DisableScriptedObjects (12ms)
			BackupInstance (0ms)
			ReleaseScriptingObjects (0ms)
			CreateAndSetChildDomain (58ms)
		EndReloadAssembly (1760ms)
			LoadAssemblies (148ms)
			RebuildTransferFunctionScriptingTraits (0ms)
			SetupTypeCache (464ms)
			ReleaseScriptCaches (2ms)
			RebuildScriptCaches (79ms)
			SetupLoadedEditorAssemblies (881ms)
				LogAssemblyErrors (0ms)
				InitializePlatformSupportModulesInManaged (8ms)
				SetLoadedEditorAssemblies (1ms)
				RefreshPlugins (2ms)
				BeforeProcessingInitializeOnLoad (184ms)
				ProcessInitializeOnLoadAttributes (614ms)
				ProcessInitializeOnLoadMethodAttributes (49ms)
				AfterProcessingInitializeOnLoad (23ms)
				EditorAssembliesLoaded (1ms)
			ExecutionOrderSort2 (0ms)
			AwakeInstancesAfterBackupRestoration (15ms)
Platform modules already initialized, skipping
Refreshing native plugins compatible for Editor in 1.53 ms, found 6 plugins.
Preloading 0 native plugins for Editor in 0.00 ms.
Unloading 3242 Unused Serialized files (Serialized files now loaded: 0)
System memory in use before: 126.5 MB.
System memory in use after: 126.8 MB.

Unloading 125 unused Assets to reduce memory usage. Loaded Objects now: 3601.
Total: 12.038600 ms (FindLiveObjects: 0.314700 ms CreateObjectMapping: 0.195300 ms MarkObjects: 11.418900 ms  DeleteObjects: 0.108000 ms)

AssetImportParameters requested are different than current active one (requested -> active):
  custom:framework-win-MediaFoundation: 216162199b28c13a410421893ffa2e32 -> 
  custom:video-decoder-ogg-theora: a1e56fd34408186e4bbccfd4996cb3dc -> 
  custom:container-muxer-webm: aa71ff27fc2769a1b78a27578f13a17b -> 
  custom:container-demuxer-webm: 4f35f7cbe854078d1ac9338744f61a02 -> 
  custom:container-demuxer-ogg: 62fdf1f143b41e24485cea50d1cbac27 -> 
  custom:video-encoder-webm-vp8: eb34c28f22e8b96e1ab97ce403110664 -> 
  custom:video-decoder-webm-vp8: 9c59270c3fd7afecdb556c50c9e8de78 -> 
  custom:audio-decoder-ogg-vorbis: bf7c407c2cedff20999df2af8eb42d56 -> 
  custom:audio-encoder-webm-vorbis: bf7c407c2cedff20999df2af8eb42d56 -> 
========================================================================
Received Import Request.
  Time since last request: 130.970149 seconds.
  path: Assets/Prefabs/Monsters/Mummy.prefab
  artifactKey: Guid(f2c7d109df3523e459a5190c3fc54bd7) Importer(815301076,1909f56bfc062723c751e8b465ee728b)
Start importing Assets/Prefabs/Monsters/Mummy.prefab using Guid(f2c7d109df3523e459a5190c3fc54bd7) Importer(815301076,1909f56bfc062723c751e8b465ee728b)  -> (artifact id: '2471ab06a011431f20c1a622a9476937') in 0.103482 seconds 
  Import took 0.111151 seconds .

========================================================================
Received Import Request.
  Time since last request: 1.321630 seconds.
  path: Assets/Assets.index
  artifactKey: Guid(62ed74524aeb35540a0b06e48576c612) Importer(815301076,1909f56bfc062723c751e8b465ee728b)
Start importing Assets/Assets.index using Guid(62ed74524aeb35540a0b06e48576c612) Importer(815301076,1909f56bfc062723c751e8b465ee728b)  -> (artifact id: '2ca18493b952029c2cc0ad719bfe56db') in 0.037080 seconds 
  Import took 0.043685 seconds .

========================================================================
Received Import Request.
  Time since last request: 180.031003 seconds.
  path: Assets/Assets.index
  artifactKey: Guid(62ed74524aeb35540a0b06e48576c612) Importer(815301076,1909f56bfc062723c751e8b465ee728b)
Start importing Assets/Assets.index using Guid(62ed74524aeb35540a0b06e48576c612) Importer(815301076,1909f56bfc062723c751e8b465ee728b)  -> (artifact id: '76806a6da68905b11fccdc63c91541aa') in 0.040930 seconds 
  Import took 0.050582 seconds .

========================================================================
Received Prepare
Registering precompiled user dll's ...
Registered in 0.014952 seconds.
Begin MonoManager ReloadAssembly
Native extension for WindowsStandalone target not found
Refreshing native plugins compatible for Editor in 2.15 ms, found 6 plugins.
Preloading 0 native plugins for Editor in 0.00 ms.
Mono: successfully reloaded assembly
- Completed reload, in  2.055 seconds
Domain Reload Profiling:
	ReloadAssembly (2055ms)
		BeginReloadAssembly (170ms)
			ExecutionOrderSort (0ms)
			DisableScriptedObjects (9ms)
			BackupInstance (0ms)
			ReleaseScriptingObjects (0ms)
			CreateAndSetChildDomain (56ms)
		EndReloadAssembly (1779ms)
			LoadAssemblies (129ms)
			RebuildTransferFunctionScriptingTraits (0ms)
			SetupTypeCache (431ms)
			ReleaseScriptCaches (2ms)
			RebuildScriptCaches (113ms)
			SetupLoadedEditorAssemblies (949ms)
				LogAssemblyErrors (0ms)
				InitializePlatformSupportModulesInManaged (10ms)
				SetLoadedEditorAssemblies (1ms)
				RefreshPlugins (2ms)
				BeforeProcessingInitializeOnLoad (204ms)
				ProcessInitializeOnLoadAttributes (666ms)
				ProcessInitializeOnLoadMethodAttributes (55ms)
				AfterProcessingInitializeOnLoad (11ms)
				EditorAssembliesLoaded (0ms)
			ExecutionOrderSort2 (0ms)
			AwakeInstancesAfterBackupRestoration (9ms)
Platform modules already initialized, skipping
Refreshing native plugins compatible for Editor in 2.04 ms, found 6 plugins.
Preloading 0 native plugins for Editor in 0.00 ms.
Unloading 3242 Unused Serialized files (Serialized files now loaded: 0)
System memory in use before: 128.0 MB.
System memory in use after: 128.2 MB.

Unloading 119 unused Assets to reduce memory usage. Loaded Objects now: 3604.
Total: 14.068100 ms (FindLiveObjects: 0.350600 ms CreateObjectMapping: 0.213900 ms MarkObjects: 13.409700 ms  DeleteObjects: 0.092200 ms)

AssetImportParameters requested are different than current active one (requested -> active):
  custom:framework-win-MediaFoundation: 216162199b28c13a410421893ffa2e32 -> 
  custom:video-decoder-ogg-theora: a1e56fd34408186e4bbccfd4996cb3dc -> 
  custom:container-muxer-webm: aa71ff27fc2769a1b78a27578f13a17b -> 
  custom:container-demuxer-webm: 4f35f7cbe854078d1ac9338744f61a02 -> 
  custom:container-demuxer-ogg: 62fdf1f143b41e24485cea50d1cbac27 -> 
  custom:video-encoder-webm-vp8: eb34c28f22e8b96e1ab97ce403110664 -> 
  custom:video-decoder-webm-vp8: 9c59270c3fd7afecdb556c50c9e8de78 -> 
  custom:audio-decoder-ogg-vorbis: bf7c407c2cedff20999df2af8eb42d56 -> 
  custom:audio-encoder-webm-vorbis: bf7c407c2cedff20999df2af8eb42d56 -> 
========================================================================
Received Import Request.
  Time since last request: 20.511398 seconds.
  path: Assets/Prefabs/Monsters/Mummy.prefab
  artifactKey: Guid(f2c7d109df3523e459a5190c3fc54bd7) Importer(815301076,1909f56bfc062723c751e8b465ee728b)
Start importing Assets/Prefabs/Monsters/Mummy.prefab using Guid(f2c7d109df3523e459a5190c3fc54bd7) Importer(815301076,1909f56bfc062723c751e8b465ee728b)  -> (artifact id: '5ecf70d38a45bc2ca40905a78080a477') in 0.097233 seconds 
  Import took 0.106055 seconds .

========================================================================
Received Import Request.
  Time since last request: 13.183894 seconds.
  path: Assets/Prefabs/Monsters/Mummy.prefab
  artifactKey: Guid(f2c7d109df3523e459a5190c3fc54bd7) Importer(815301076,1909f56bfc062723c751e8b465ee728b)
Start importing Assets/Prefabs/Monsters/Mummy.prefab using Guid(f2c7d109df3523e459a5190c3fc54bd7) Importer(815301076,1909f56bfc062723c751e8b465ee728b)  -> (artifact id: 'b7ff52571c19e700c0882148f67220a6') in 0.019213 seconds 
  Import took 0.026376 seconds .

========================================================================
Received Import Request.
  Time since last request: 0.962852 seconds.
  path: Assets/Assets.index
  artifactKey: Guid(62ed74524aeb35540a0b06e48576c612) Importer(815301076,1909f56bfc062723c751e8b465ee728b)
Start importing Assets/Assets.index using Guid(62ed74524aeb35540a0b06e48576c612) Importer(815301076,1909f56bfc062723c751e8b465ee728b)  -> (artifact id: '04bdfd7e32e22b2d10290139d15db3b2') in 0.035898 seconds 
  Import took 0.045439 seconds .

========================================================================
Received Import Request.
  Time since last request: 15.403959 seconds.
  path: Assets/Prefabs/Monsters/Mummy.prefab
  artifactKey: Guid(f2c7d109df3523e459a5190c3fc54bd7) Importer(815301076,1909f56bfc062723c751e8b465ee728b)
Start importing Assets/Prefabs/Monsters/Mummy.prefab using Guid(f2c7d109df3523e459a5190c3fc54bd7) Importer(815301076,1909f56bfc062723c751e8b465ee728b)  -> (artifact id: '2f72950655258db170f0aeb661def4de') in 0.019512 seconds 
  Import took 0.029029 seconds .

========================================================================
Received Import Request.
  Time since last request: 0.862169 seconds.
  path: Assets/Assets.index
  artifactKey: Guid(62ed74524aeb35540a0b06e48576c612) Importer(815301076,1909f56bfc062723c751e8b465ee728b)
Start importing Assets/Assets.index using Guid(62ed74524aeb35540a0b06e48576c612) Importer(815301076,1909f56bfc062723c751e8b465ee728b)  -> (artifact id: '05193e800a6de913920d5ec1c448d1aa') in 0.007812 seconds 
  Import took 0.015114 seconds .

========================================================================
Received Import Request.
  Time since last request: 0.919885 seconds.
  path: Assets/Prefabs/Monsters/Mummy.prefab
  artifactKey: Guid(f2c7d109df3523e459a5190c3fc54bd7) Importer(815301076,1909f56bfc062723c751e8b465ee728b)
Start importing Assets/Prefabs/Monsters/Mummy.prefab using Guid(f2c7d109df3523e459a5190c3fc54bd7) Importer(815301076,1909f56bfc062723c751e8b465ee728b)  -> (artifact id: '6df1672f200941e0d0584b0e29bdf6cf') in 0.019033 seconds 
  Import took 0.026932 seconds .

========================================================================
Received Import Request.
  Time since last request: 0.804033 seconds.
  path: Assets/Assets.index
  artifactKey: Guid(62ed74524aeb35540a0b06e48576c612) Importer(815301076,1909f56bfc062723c751e8b465ee728b)
Start importing Assets/Assets.index using Guid(62ed74524aeb35540a0b06e48576c612) Importer(815301076,1909f56bfc062723c751e8b465ee728b)  -> (artifact id: 'dd23cb28f45180c40ef21f0cdea65f51') in 0.008991 seconds 
  Import took 0.016396 seconds .

========================================================================
Received Import Request.
  Time since last request: 0.294895 seconds.
  path: Assets/Prefabs/Monsters/Mummy.prefab
  artifactKey: Guid(f2c7d109df3523e459a5190c3fc54bd7) Importer(815301076,1909f56bfc062723c751e8b465ee728b)
Start importing Assets/Prefabs/Monsters/Mummy.prefab using Guid(f2c7d109df3523e459a5190c3fc54bd7) Importer(815301076,1909f56bfc062723c751e8b465ee728b)  -> (artifact id: 'cb062022c611b9dceeacb6958b8f47fc') in 0.020420 seconds 
  Import took 0.029011 seconds .

========================================================================
Received Import Request.
  Time since last request: 0.513898 seconds.
  path: Assets/Assets.index
  artifactKey: Guid(62ed74524aeb35540a0b06e48576c612) Importer(815301076,1909f56bfc062723c751e8b465ee728b)
Start importing Assets/Assets.index using Guid(62ed74524aeb35540a0b06e48576c612) Importer(815301076,1909f56bfc062723c751e8b465ee728b)  -> (artifact id: '7dd690a3b32628123f25b45349bb9133') in 0.015209 seconds 
  Import took 0.023333 seconds .

========================================================================
Received Import Request.
  Time since last request: 8.838907 seconds.
  path: Assets/Prefabs/Monsters/Mummy.prefab
  artifactKey: Guid(f2c7d109df3523e459a5190c3fc54bd7) Importer(815301076,1909f56bfc062723c751e8b465ee728b)
Start importing Assets/Prefabs/Monsters/Mummy.prefab using Guid(f2c7d109df3523e459a5190c3fc54bd7) Importer(815301076,1909f56bfc062723c751e8b465ee728b)  -> (artifact id: '1b33a7c303ab526be6f1dc7fed630d60') in 0.022079 seconds 
  Import took 0.029035 seconds .

========================================================================
Received Import Request.
  Time since last request: 22.811843 seconds.
  path: Assets/Prefabs/Monsters/Mummy.prefab
  artifactKey: Guid(f2c7d109df3523e459a5190c3fc54bd7) Importer(815301076,1909f56bfc062723c751e8b465ee728b)
Start importing Assets/Prefabs/Monsters/Mummy.prefab using Guid(f2c7d109df3523e459a5190c3fc54bd7) Importer(815301076,1909f56bfc062723c751e8b465ee728b)  -> (artifact id: 'd7b2ef93b6299ae116aac3661d825a75') in 0.019960 seconds 
  Import took 0.026929 seconds .

========================================================================
Received Import Request.
  Time since last request: 1.290035 seconds.
  path: Assets/Prefabs/Monsters/Mummy.prefab
  artifactKey: Guid(f2c7d109df3523e459a5190c3fc54bd7) Importer(815301076,1909f56bfc062723c751e8b465ee728b)
Start importing Assets/Prefabs/Monsters/Mummy.prefab using Guid(f2c7d109df3523e459a5190c3fc54bd7) Importer(815301076,1909f56bfc062723c751e8b465ee728b)  -> (artifact id: '9eb123a5153ae7d206f99682bb0b8fc4') in 0.017540 seconds 
  Import took 0.024313 seconds .

========================================================================
Received Import Request.
  Time since last request: 7.475054 seconds.
  path: Assets/Prefabs/Monsters/Mummy.prefab
  artifactKey: Guid(f2c7d109df3523e459a5190c3fc54bd7) Importer(815301076,1909f56bfc062723c751e8b465ee728b)
Start importing Assets/Prefabs/Monsters/Mummy.prefab using Guid(f2c7d109df3523e459a5190c3fc54bd7) Importer(815301076,1909f56bfc062723c751e8b465ee728b)  -> (artifact id: '05457be19f2cfaf72a014ce5977b25fe') in 0.017293 seconds 
  Import took 0.024529 seconds .

========================================================================
Received Import Request.
  Time since last request: 3.948224 seconds.
  path: Assets/Prefabs/Monsters/Mummy.prefab
  artifactKey: Guid(f2c7d109df3523e459a5190c3fc54bd7) Importer(815301076,1909f56bfc062723c751e8b465ee728b)
Start importing Assets/Prefabs/Monsters/Mummy.prefab using Guid(f2c7d109df3523e459a5190c3fc54bd7) Importer(815301076,1909f56bfc062723c751e8b465ee728b)  -> (artifact id: '5f23f4e76352be8a9842976a3d5805af') in 0.022732 seconds 
  Import took 0.031019 seconds .

========================================================================
Received Import Request.
  Time since last request: 1.373148 seconds.
  path: Assets/Prefabs/Monsters/Mummy.prefab
  artifactKey: Guid(f2c7d109df3523e459a5190c3fc54bd7) Importer(815301076,1909f56bfc062723c751e8b465ee728b)
Start importing Assets/Prefabs/Monsters/Mummy.prefab using Guid(f2c7d109df3523e459a5190c3fc54bd7) Importer(815301076,1909f56bfc062723c751e8b465ee728b)  -> (artifact id: 'f542d12ecaaf575ef0fff78906730ca3') in 0.019282 seconds 
  Import took 0.028735 seconds .

========================================================================
Received Import Request.
  Time since last request: 3.894210 seconds.
  path: Assets/Prefabs/Monsters/Mummy.prefab
  artifactKey: Guid(f2c7d109df3523e459a5190c3fc54bd7) Importer(815301076,1909f56bfc062723c751e8b465ee728b)
Start importing Assets/Prefabs/Monsters/Mummy.prefab using Guid(f2c7d109df3523e459a5190c3fc54bd7) Importer(815301076,1909f56bfc062723c751e8b465ee728b)  -> (artifact id: '8389085a3a8ae8c10515453e759e32bd') in 0.020151 seconds 
  Import took 0.029197 seconds .

========================================================================
Received Import Request.
  Time since last request: 21.652459 seconds.
  path: Assets/Prefabs/Portals/AlienPortal.prefab
  artifactKey: Guid(47c03752230a2f443a0497064790d0ae) Importer(815301076,1909f56bfc062723c751e8b465ee728b)
Start importing Assets/Prefabs/Portals/AlienPortal.prefab using Guid(47c03752230a2f443a0497064790d0ae) Importer(815301076,1909f56bfc062723c751e8b465ee728b)  -> (artifact id: '4ab0a47138cb475c3a66d054694f8fc7') in 0.054447 seconds 
  Import took 0.062608 seconds .

========================================================================
Received Import Request.
  Time since last request: 0.000500 seconds.
  path: Assets/Prefabs/Portals/Green Portal.prefab
  artifactKey: Guid(34419f5bd51354eec9d405d7985e8448) Importer(815301076,1909f56bfc062723c751e8b465ee728b)
Start importing Assets/Prefabs/Portals/Green Portal.prefab using Guid(34419f5bd51354eec9d405d7985e8448) Importer(815301076,1909f56bfc062723c751e8b465ee728b)  -> (artifact id: '7e241cd3114688519d40f36ab5a15780') in 0.025386 seconds 
  Import took 0.032177 seconds .

========================================================================
Received Import Request.
  Time since last request: 0.000367 seconds.
  path: Assets/Prefabs/Portals/BluePortal.prefab
  artifactKey: Guid(40734f2cb504648e98733a6fc854ba72) Importer(815301076,1909f56bfc062723c751e8b465ee728b)
Start importing Assets/Prefabs/Portals/BluePortal.prefab using Guid(40734f2cb504648e98733a6fc854ba72) Importer(815301076,1909f56bfc062723c751e8b465ee728b)  -> (artifact id: '50ddccd93b0ed4871c0465d41e3c8fe3') in 0.031713 seconds 
  Import took 0.038726 seconds .

========================================================================
Received Import Request.
  Time since last request: 0.000336 seconds.
  path: Assets/Prefabs/Portals/Ghost Portal.prefab
  artifactKey: Guid(cfb03ceebef96cb47aa60a4974052988) Importer(815301076,1909f56bfc062723c751e8b465ee728b)
Start importing Assets/Prefabs/Portals/Ghost Portal.prefab using Guid(cfb03ceebef96cb47aa60a4974052988) Importer(815301076,1909f56bfc062723c751e8b465ee728b)  -> (artifact id: '8c37267929f31e725d057f0681615dd4') in 0.026617 seconds 
  Import took 0.034358 seconds .

========================================================================
Received Import Request.
  Time since last request: 0.000365 seconds.
  path: Assets/Prefabs/Portals/Mummy Portal.prefab
  artifactKey: Guid(2486df0d7cf3c5448a45dc8d4ba7f23c) Importer(815301076,1909f56bfc062723c751e8b465ee728b)
Start importing Assets/Prefabs/Portals/Mummy Portal.prefab using Guid(2486df0d7cf3c5448a45dc8d4ba7f23c) Importer(815301076,1909f56bfc062723c751e8b465ee728b)  -> (artifact id: '084d92f1cc0e7967692353cc7560dc84') in 0.026361 seconds 
  Import took 0.033649 seconds .

========================================================================
Received Import Request.
  Time since last request: 23.245987 seconds.
  path: Assets/Prefabs/Monsters/Mummy.prefab
  artifactKey: Guid(f2c7d109df3523e459a5190c3fc54bd7) Importer(815301076,1909f56bfc062723c751e8b465ee728b)
Start importing Assets/Prefabs/Monsters/Mummy.prefab using Guid(f2c7d109df3523e459a5190c3fc54bd7) Importer(815301076,1909f56bfc062723c751e8b465ee728b)  -> (artifact id: '2d635bc3d41910bd97ea516e9e489604') in 0.021287 seconds 
  Import took 0.027904 seconds .

========================================================================
Received Import Request.
  Time since last request: 6.445740 seconds.
  path: Assets/Prefabs/Monsters/Mummy.prefab
  artifactKey: Guid(f2c7d109df3523e459a5190c3fc54bd7) Importer(815301076,1909f56bfc062723c751e8b465ee728b)
Start importing Assets/Prefabs/Monsters/Mummy.prefab using Guid(f2c7d109df3523e459a5190c3fc54bd7) Importer(815301076,1909f56bfc062723c751e8b465ee728b)  -> (artifact id: 'e8810560140fd35d6ec74b5ea2c3eb6b') in 0.022932 seconds 
  Import took 0.030351 seconds .

========================================================================
Received Import Request.
  Time since last request: 2.177783 seconds.
  path: Assets/Prefabs/Monsters/Mummy.prefab
  artifactKey: Guid(f2c7d109df3523e459a5190c3fc54bd7) Importer(815301076,1909f56bfc062723c751e8b465ee728b)
Start importing Assets/Prefabs/Monsters/Mummy.prefab using Guid(f2c7d109df3523e459a5190c3fc54bd7) Importer(815301076,1909f56bfc062723c751e8b465ee728b)  -> (artifact id: '32767d93b09217c2bccdea0f746ffdc0') in 0.022554 seconds 
  Import took 0.029063 seconds .

========================================================================
Received Import Request.
  Time since last request: 1.821314 seconds.
  path: Assets/Prefabs/Monsters/Mummy.prefab
  artifactKey: Guid(f2c7d109df3523e459a5190c3fc54bd7) Importer(815301076,1909f56bfc062723c751e8b465ee728b)
Start importing Assets/Prefabs/Monsters/Mummy.prefab using Guid(f2c7d109df3523e459a5190c3fc54bd7) Importer(815301076,1909f56bfc062723c751e8b465ee728b)  -> (artifact id: '25068963279848f53553dd147275cbd7') in 0.020115 seconds 
  Import took 0.026997 seconds .

========================================================================
Received Import Request.
  Time since last request: 1.865500 seconds.
  path: Assets/Prefabs/Monsters/Mummy.prefab
  artifactKey: Guid(f2c7d109df3523e459a5190c3fc54bd7) Importer(815301076,1909f56bfc062723c751e8b465ee728b)
Start importing Assets/Prefabs/Monsters/Mummy.prefab using Guid(f2c7d109df3523e459a5190c3fc54bd7) Importer(815301076,1909f56bfc062723c751e8b465ee728b)  -> (artifact id: 'd30947100e1b917ec993b0bd3d7a3aee') in 0.022154 seconds 
  Import took 0.029882 seconds .

========================================================================
Received Import Request.
  Time since last request: 2.174648 seconds.
  path: Assets/Prefabs/Monsters/Mummy.prefab
  artifactKey: Guid(f2c7d109df3523e459a5190c3fc54bd7) Importer(815301076,1909f56bfc062723c751e8b465ee728b)
Start importing Assets/Prefabs/Monsters/Mummy.prefab using Guid(f2c7d109df3523e459a5190c3fc54bd7) Importer(815301076,1909f56bfc062723c751e8b465ee728b)  -> (artifact id: '8a090d6cbcc34fcc806b52b44c4736f9') in 0.022726 seconds 
  Import took 0.029601 seconds .

========================================================================
Received Import Request.
  Time since last request: 2.684461 seconds.
  path: Assets/Prefabs/Monsters/Mummy.prefab
  artifactKey: Guid(f2c7d109df3523e459a5190c3fc54bd7) Importer(815301076,1909f56bfc062723c751e8b465ee728b)
Start importing Assets/Prefabs/Monsters/Mummy.prefab using Guid(f2c7d109df3523e459a5190c3fc54bd7) Importer(815301076,1909f56bfc062723c751e8b465ee728b)  -> (artifact id: '0682e11fdf2811512288fa6d8fae846a') in 0.023145 seconds 
  Import took 0.030357 seconds .

========================================================================
Received Import Request.
  Time since last request: 11.513613 seconds.
  path: Assets/Prefabs/Monsters/Mummy.prefab
  artifactKey: Guid(f2c7d109df3523e459a5190c3fc54bd7) Importer(815301076,1909f56bfc062723c751e8b465ee728b)
Start importing Assets/Prefabs/Monsters/Mummy.prefab using Guid(f2c7d109df3523e459a5190c3fc54bd7) Importer(815301076,1909f56bfc062723c751e8b465ee728b)  -> (artifact id: '3e76cc01957c168c1d9485b7bb8d26e1') in 0.026369 seconds 
  Import took 0.035855 seconds .

========================================================================
Received Import Request.
  Time since last request: 3.470016 seconds.
  path: Assets/Prefabs/Monsters/Mummy.prefab
  artifactKey: Guid(f2c7d109df3523e459a5190c3fc54bd7) Importer(815301076,1909f56bfc062723c751e8b465ee728b)
Start importing Assets/Prefabs/Monsters/Mummy.prefab using Guid(f2c7d109df3523e459a5190c3fc54bd7) Importer(815301076,1909f56bfc062723c751e8b465ee728b)  -> (artifact id: '46b91e607ffc74dbb3d9ef1f39a11ea2') in 0.024955 seconds 
  Import took 0.032782 seconds .

========================================================================
Received Import Request.
  Time since last request: 10.087086 seconds.
  path: Assets/Prefabs/Monsters/Mummy.prefab
  artifactKey: Guid(f2c7d109df3523e459a5190c3fc54bd7) Importer(815301076,1909f56bfc062723c751e8b465ee728b)
Start importing Assets/Prefabs/Monsters/Mummy.prefab using Guid(f2c7d109df3523e459a5190c3fc54bd7) Importer(815301076,1909f56bfc062723c751e8b465ee728b)  -> (artifact id: '21f6614f873a911d1beefd9cf356d835') in 0.032400 seconds 
  Import took 0.040893 seconds .

========================================================================
Received Import Request.
  Time since last request: 11.550914 seconds.
  path: Assets/Prefabs/Monsters/Mummy.prefab
  artifactKey: Guid(f2c7d109df3523e459a5190c3fc54bd7) Importer(815301076,1909f56bfc062723c751e8b465ee728b)
Start importing Assets/Prefabs/Monsters/Mummy.prefab using Guid(f2c7d109df3523e459a5190c3fc54bd7) Importer(815301076,1909f56bfc062723c751e8b465ee728b)  -> (artifact id: 'f6378203abdef505a6c548f5f671bd0a') in 0.033805 seconds 
  Import took 0.045352 seconds .

========================================================================
Received Import Request.
  Time since last request: 3.239497 seconds.
  path: Assets/Prefabs/Monsters/Mummy.prefab
  artifactKey: Guid(f2c7d109df3523e459a5190c3fc54bd7) Importer(815301076,1909f56bfc062723c751e8b465ee728b)
Start importing Assets/Prefabs/Monsters/Mummy.prefab using Guid(f2c7d109df3523e459a5190c3fc54bd7) Importer(815301076,1909f56bfc062723c751e8b465ee728b)  -> (artifact id: '95a4680a276aad5a4031aba44a2b4564') in 0.032752 seconds 
  Import took 0.039658 seconds .

========================================================================
Received Import Request.
  Time since last request: 6.311434 seconds.
  path: Assets/Prefabs/Monsters/Mummy.prefab
  artifactKey: Guid(f2c7d109df3523e459a5190c3fc54bd7) Importer(815301076,1909f56bfc062723c751e8b465ee728b)
Start importing Assets/Prefabs/Monsters/Mummy.prefab using Guid(f2c7d109df3523e459a5190c3fc54bd7) Importer(815301076,1909f56bfc062723c751e8b465ee728b)  -> (artifact id: 'bb4856bff4235a2555012753b1c5e643') in 0.042942 seconds 
  Import took 0.052314 seconds .

========================================================================
Received Import Request.
  Time since last request: 2.341686 seconds.
  path: Assets/Prefabs/Monsters/Mummy.prefab
  artifactKey: Guid(f2c7d109df3523e459a5190c3fc54bd7) Importer(815301076,1909f56bfc062723c751e8b465ee728b)
Start importing Assets/Prefabs/Monsters/Mummy.prefab using Guid(f2c7d109df3523e459a5190c3fc54bd7) Importer(815301076,1909f56bfc062723c751e8b465ee728b)  -> (artifact id: '1e2bc1e66f4186ad42813faf0589d74e') in 0.031344 seconds 
  Import took 0.038747 seconds .

========================================================================
Received Import Request.
  Time since last request: 5.002983 seconds.
  path: Assets/Prefabs/Monsters/Mummy.prefab
  artifactKey: Guid(f2c7d109df3523e459a5190c3fc54bd7) Importer(815301076,1909f56bfc062723c751e8b465ee728b)
Start importing Assets/Prefabs/Monsters/Mummy.prefab using Guid(f2c7d109df3523e459a5190c3fc54bd7) Importer(815301076,1909f56bfc062723c751e8b465ee728b)  -> (artifact id: '905d480ba51e7f3245ddc7dddfd88fe1') in 0.041528 seconds 
  Import took 0.051465 seconds .

========================================================================
Received Import Request.
  Time since last request: 8.796468 seconds.
  path: Assets/Prefabs/Monsters/Mummy.prefab
  artifactKey: Guid(f2c7d109df3523e459a5190c3fc54bd7) Importer(815301076,1909f56bfc062723c751e8b465ee728b)
Start importing Assets/Prefabs/Monsters/Mummy.prefab using Guid(f2c7d109df3523e459a5190c3fc54bd7) Importer(815301076,1909f56bfc062723c751e8b465ee728b)  -> (artifact id: '3db6ee243174d456b74d57a7a5e542c0') in 0.042016 seconds 
  Import took 0.051345 seconds .

========================================================================
Received Import Request.
  Time since last request: 1.468151 seconds.
  path: Assets/Prefabs/Monsters/Mummy.prefab
  artifactKey: Guid(f2c7d109df3523e459a5190c3fc54bd7) Importer(815301076,1909f56bfc062723c751e8b465ee728b)
Start importing Assets/Prefabs/Monsters/Mummy.prefab using Guid(f2c7d109df3523e459a5190c3fc54bd7) Importer(815301076,1909f56bfc062723c751e8b465ee728b)  -> (artifact id: 'cd045da90bdf4477efe2837a75487b48') in 0.036322 seconds 
  Import took 0.047527 seconds .

========================================================================
Received Import Request.
  Time since last request: 1.409508 seconds.
  path: Assets/Prefabs/Monsters/Mummy.prefab
  artifactKey: Guid(f2c7d109df3523e459a5190c3fc54bd7) Importer(815301076,1909f56bfc062723c751e8b465ee728b)
Start importing Assets/Prefabs/Monsters/Mummy.prefab using Guid(f2c7d109df3523e459a5190c3fc54bd7) Importer(815301076,1909f56bfc062723c751e8b465ee728b)  -> (artifact id: 'd7f9979c5add44afbe1aacd8657a85e1') in 0.034714 seconds 
  Import took 0.044050 seconds .

========================================================================
Received Import Request.
  Time since last request: 1.152627 seconds.
  path: Assets/Prefabs/Monsters/Mummy.prefab
  artifactKey: Guid(f2c7d109df3523e459a5190c3fc54bd7) Importer(815301076,1909f56bfc062723c751e8b465ee728b)
Start importing Assets/Prefabs/Monsters/Mummy.prefab using Guid(f2c7d109df3523e459a5190c3fc54bd7) Importer(815301076,1909f56bfc062723c751e8b465ee728b)  -> (artifact id: '21675e0628c1042261e0bf371cb182f1') in 0.036699 seconds 
  Import took 0.044617 seconds .

========================================================================
Received Import Request.
  Time since last request: 1.724949 seconds.
  path: Assets/Prefabs/Monsters/Mummy.prefab
  artifactKey: Guid(f2c7d109df3523e459a5190c3fc54bd7) Importer(815301076,1909f56bfc062723c751e8b465ee728b)
Start importing Assets/Prefabs/Monsters/Mummy.prefab using Guid(f2c7d109df3523e459a5190c3fc54bd7) Importer(815301076,1909f56bfc062723c751e8b465ee728b)  -> (artifact id: 'a8cda0e6bc9e38f4a12d873f49793c38') in 0.041694 seconds 
  Import took 0.049841 seconds .

========================================================================
Received Import Request.
  Time since last request: 0.961948 seconds.
  path: Assets/Prefabs/Monsters/Mummy.prefab
  artifactKey: Guid(f2c7d109df3523e459a5190c3fc54bd7) Importer(815301076,1909f56bfc062723c751e8b465ee728b)
Start importing Assets/Prefabs/Monsters/Mummy.prefab using Guid(f2c7d109df3523e459a5190c3fc54bd7) Importer(815301076,1909f56bfc062723c751e8b465ee728b)  -> (artifact id: 'f96cb2ab2999a6db1c3eafc7217a42e2') in 0.040330 seconds 
  Import took 0.048123 seconds .

========================================================================
Received Import Request.
  Time since last request: 1.274495 seconds.
  path: Assets/Prefabs/Monsters/Mummy.prefab
  artifactKey: Guid(f2c7d109df3523e459a5190c3fc54bd7) Importer(815301076,1909f56bfc062723c751e8b465ee728b)
Start importing Assets/Prefabs/Monsters/Mummy.prefab using Guid(f2c7d109df3523e459a5190c3fc54bd7) Importer(815301076,1909f56bfc062723c751e8b465ee728b)  -> (artifact id: '465effe327af6940c9e8127d26f7389d') in 0.044001 seconds 
  Import took 0.054618 seconds .

========================================================================
Received Import Request.
  Time since last request: 1.375061 seconds.
  path: Assets/Prefabs/Monsters/Mummy.prefab
  artifactKey: Guid(f2c7d109df3523e459a5190c3fc54bd7) Importer(815301076,1909f56bfc062723c751e8b465ee728b)
Start importing Assets/Prefabs/Monsters/Mummy.prefab using Guid(f2c7d109df3523e459a5190c3fc54bd7) Importer(815301076,1909f56bfc062723c751e8b465ee728b)  -> (artifact id: '2e8a19eb83a30891a6f0ffa0d6695fbf') in 0.035595 seconds 
  Import took 0.043339 seconds .

========================================================================
Received Import Request.
  Time since last request: 1.804355 seconds.
  path: Assets/Prefabs/Monsters/Mummy.prefab
  artifactKey: Guid(f2c7d109df3523e459a5190c3fc54bd7) Importer(815301076,1909f56bfc062723c751e8b465ee728b)
Start importing Assets/Prefabs/Monsters/Mummy.prefab using Guid(f2c7d109df3523e459a5190c3fc54bd7) Importer(815301076,1909f56bfc062723c751e8b465ee728b)  -> (artifact id: 'd8b20154a017d6fc29ca22c52f8ebbda') in 0.037281 seconds 
  Import took 0.047133 seconds .

========================================================================
Received Import Request.
  Time since last request: 0.975320 seconds.
  path: Assets/Prefabs/Monsters/Mummy.prefab
  artifactKey: Guid(f2c7d109df3523e459a5190c3fc54bd7) Importer(815301076,1909f56bfc062723c751e8b465ee728b)
Start importing Assets/Prefabs/Monsters/Mummy.prefab using Guid(f2c7d109df3523e459a5190c3fc54bd7) Importer(815301076,1909f56bfc062723c751e8b465ee728b)  -> (artifact id: 'f26ec94ee70b6c50dfb9ac9af0711d40') in 0.038160 seconds 
  Import took 0.046003 seconds .

========================================================================
Received Import Request.
  Time since last request: 2.665323 seconds.
  path: Assets/Prefabs/Monsters/Mummy.prefab
  artifactKey: Guid(f2c7d109df3523e459a5190c3fc54bd7) Importer(815301076,1909f56bfc062723c751e8b465ee728b)
Start importing Assets/Prefabs/Monsters/Mummy.prefab using Guid(f2c7d109df3523e459a5190c3fc54bd7) Importer(815301076,1909f56bfc062723c751e8b465ee728b)  -> (artifact id: '536d325629088fdba39268657ad14d62') in 0.040688 seconds 
  Import took 0.048387 seconds .

========================================================================
Received Import Request.
  Time since last request: 2.548840 seconds.
  path: Assets/Prefabs/Monsters/Mummy.prefab
  artifactKey: Guid(f2c7d109df3523e459a5190c3fc54bd7) Importer(815301076,1909f56bfc062723c751e8b465ee728b)
Start importing Assets/Prefabs/Monsters/Mummy.prefab using Guid(f2c7d109df3523e459a5190c3fc54bd7) Importer(815301076,1909f56bfc062723c751e8b465ee728b)  -> (artifact id: '1394470948872b20dbe6279cafef1f08') in 0.038974 seconds 
  Import took 0.049312 seconds .

========================================================================
Received Import Request.
  Time since last request: 1.369190 seconds.
  path: Assets/Prefabs/Monsters/Mummy.prefab
  artifactKey: Guid(f2c7d109df3523e459a5190c3fc54bd7) Importer(815301076,1909f56bfc062723c751e8b465ee728b)
Start importing Assets/Prefabs/Monsters/Mummy.prefab using Guid(f2c7d109df3523e459a5190c3fc54bd7) Importer(815301076,1909f56bfc062723c751e8b465ee728b)  -> (artifact id: 'c84ca9b7039fc60a750e047dc048d92e') in 0.032534 seconds 
  Import took 0.040315 seconds .

========================================================================
Received Import Request.
  Time since last request: 75.284229 seconds.
  path: Assets/Prefabs/Monsters/Mummy.prefab
  artifactKey: Guid(f2c7d109df3523e459a5190c3fc54bd7) Importer(815301076,1909f56bfc062723c751e8b465ee728b)
Start importing Assets/Prefabs/Monsters/Mummy.prefab using Guid(f2c7d109df3523e459a5190c3fc54bd7) Importer(815301076,1909f56bfc062723c751e8b465ee728b)  -> (artifact id: 'cc63556888ac692c29b8b0b96ffe1d94') in 0.031414 seconds 
  Import took 0.039488 seconds .

========================================================================
Received Import Request.
  Time since last request: 3.436634 seconds.
  path: Assets/Prefabs/Monsters/Mummy.prefab
  artifactKey: Guid(f2c7d109df3523e459a5190c3fc54bd7) Importer(815301076,1909f56bfc062723c751e8b465ee728b)
Start importing Assets/Prefabs/Monsters/Mummy.prefab using Guid(f2c7d109df3523e459a5190c3fc54bd7) Importer(815301076,1909f56bfc062723c751e8b465ee728b)  -> (artifact id: '19e5f745de551f29860d2dd4758fc9f7') in 0.050231 seconds 
  Import took 0.059938 seconds .

========================================================================
Received Import Request.
  Time since last request: 1.635346 seconds.
  path: Assets/Prefabs/Monsters/Mummy.prefab
  artifactKey: Guid(f2c7d109df3523e459a5190c3fc54bd7) Importer(815301076,1909f56bfc062723c751e8b465ee728b)
Start importing Assets/Prefabs/Monsters/Mummy.prefab using Guid(f2c7d109df3523e459a5190c3fc54bd7) Importer(815301076,1909f56bfc062723c751e8b465ee728b)  -> (artifact id: 'b3f6f9708d3ded2c3f13bb897a0983d2') in 0.052154 seconds 
  Import took 0.061377 seconds .

========================================================================
Received Import Request.
  Time since last request: 6.384894 seconds.
  path: Assets/Prefabs/Monsters/Mummy.prefab
  artifactKey: Guid(f2c7d109df3523e459a5190c3fc54bd7) Importer(815301076,1909f56bfc062723c751e8b465ee728b)
Start importing Assets/Prefabs/Monsters/Mummy.prefab using Guid(f2c7d109df3523e459a5190c3fc54bd7) Importer(815301076,1909f56bfc062723c751e8b465ee728b)  -> (artifact id: '0a05dbddb05d8de25af0306eb5d6b4c2') in 0.050011 seconds 
  Import took 0.060166 seconds .

========================================================================
Received Import Request.
  Time since last request: 1.818279 seconds.
  path: Assets/Prefabs/Monsters/Mummy.prefab
  artifactKey: Guid(f2c7d109df3523e459a5190c3fc54bd7) Importer(815301076,1909f56bfc062723c751e8b465ee728b)
Start importing Assets/Prefabs/Monsters/Mummy.prefab using Guid(f2c7d109df3523e459a5190c3fc54bd7) Importer(815301076,1909f56bfc062723c751e8b465ee728b)  -> (artifact id: '92300832a4855811b662eaeb0c9288e2') in 0.035174 seconds 
  Import took 0.042757 seconds .

========================================================================
Received Import Request.
  Time since last request: 2.873773 seconds.
  path: Assets/Prefabs/Monsters/Mummy.prefab
  artifactKey: Guid(f2c7d109df3523e459a5190c3fc54bd7) Importer(815301076,1909f56bfc062723c751e8b465ee728b)
Start importing Assets/Prefabs/Monsters/Mummy.prefab using Guid(f2c7d109df3523e459a5190c3fc54bd7) Importer(815301076,1909f56bfc062723c751e8b465ee728b)  -> (artifact id: 'd2d89a5420b03004cec452659b4084f3') in 0.044654 seconds 
  Import took 0.054780 seconds .

========================================================================
Received Import Request.
  Time since last request: 1.083945 seconds.
  path: Assets/Prefabs/Monsters/Mummy.prefab
  artifactKey: Guid(f2c7d109df3523e459a5190c3fc54bd7) Importer(815301076,1909f56bfc062723c751e8b465ee728b)
Start importing Assets/Prefabs/Monsters/Mummy.prefab using Guid(f2c7d109df3523e459a5190c3fc54bd7) Importer(815301076,1909f56bfc062723c751e8b465ee728b)  -> (artifact id: '3b96e4a623b68db558a6913ef984db00') in 0.047637 seconds 
  Import took 0.056169 seconds .

========================================================================
Received Import Request.
  Time since last request: 1.001117 seconds.
  path: Assets/Prefabs/Monsters/Mummy.prefab
  artifactKey: Guid(f2c7d109df3523e459a5190c3fc54bd7) Importer(815301076,1909f56bfc062723c751e8b465ee728b)
Start importing Assets/Prefabs/Monsters/Mummy.prefab using Guid(f2c7d109df3523e459a5190c3fc54bd7) Importer(815301076,1909f56bfc062723c751e8b465ee728b)  -> (artifact id: '2e519bd180aa5bfee22c1805d42d367e') in 0.052977 seconds 
  Import took 0.064765 seconds .

========================================================================
Received Import Request.
  Time since last request: 1.205973 seconds.
  path: Assets/Prefabs/Monsters/Mummy.prefab
  artifactKey: Guid(f2c7d109df3523e459a5190c3fc54bd7) Importer(815301076,1909f56bfc062723c751e8b465ee728b)
Start importing Assets/Prefabs/Monsters/Mummy.prefab using Guid(f2c7d109df3523e459a5190c3fc54bd7) Importer(815301076,1909f56bfc062723c751e8b465ee728b)  -> (artifact id: '966f508e99c3f8e3a6a9a3a9b6fdd16b') in 0.057228 seconds 
  Import took 0.066548 seconds .

========================================================================
Received Import Request.
  Time since last request: 1.021174 seconds.
  path: Assets/Prefabs/Monsters/Mummy.prefab
  artifactKey: Guid(f2c7d109df3523e459a5190c3fc54bd7) Importer(815301076,1909f56bfc062723c751e8b465ee728b)
Start importing Assets/Prefabs/Monsters/Mummy.prefab using Guid(f2c7d109df3523e459a5190c3fc54bd7) Importer(815301076,1909f56bfc062723c751e8b465ee728b)  -> (artifact id: '7b95725e43ffe11e221f9ef9ae955d75') in 0.065301 seconds 
  Import took 0.075902 seconds .

========================================================================
Received Import Request.
  Time since last request: 1.456579 seconds.
  path: Assets/Prefabs/Monsters/Mummy.prefab
  artifactKey: Guid(f2c7d109df3523e459a5190c3fc54bd7) Importer(815301076,1909f56bfc062723c751e8b465ee728b)
Start importing Assets/Prefabs/Monsters/Mummy.prefab using Guid(f2c7d109df3523e459a5190c3fc54bd7) Importer(815301076,1909f56bfc062723c751e8b465ee728b)  -> (artifact id: '53513bab75e7d172aeca6c1d5d1c279e') in 0.055762 seconds 
  Import took 0.064391 seconds .

========================================================================
Received Import Request.
  Time since last request: 14.724222 seconds.
  path: Assets/Prefabs/Monsters/Mummy.prefab
  artifactKey: Guid(f2c7d109df3523e459a5190c3fc54bd7) Importer(815301076,1909f56bfc062723c751e8b465ee728b)
Start importing Assets/Prefabs/Monsters/Mummy.prefab using Guid(f2c7d109df3523e459a5190c3fc54bd7) Importer(815301076,1909f56bfc062723c751e8b465ee728b)  -> (artifact id: 'da8b45fbefcafbce358a4384f2c19259') in 0.059439 seconds 
  Import took 0.068659 seconds .

========================================================================
Received Import Request.
  Time since last request: 2.095710 seconds.
  path: Assets/Prefabs/Monsters/Mummy.prefab
  artifactKey: Guid(f2c7d109df3523e459a5190c3fc54bd7) Importer(815301076,1909f56bfc062723c751e8b465ee728b)
Start importing Assets/Prefabs/Monsters/Mummy.prefab using Guid(f2c7d109df3523e459a5190c3fc54bd7) Importer(815301076,1909f56bfc062723c751e8b465ee728b)  -> (artifact id: 'bb5eb7b979e56722e7863a08cb520353') in 0.058717 seconds 
  Import took 0.068196 seconds .

========================================================================
Received Import Request.
  Time since last request: 1.256533 seconds.
  path: Assets/Prefabs/Monsters/Mummy.prefab
  artifactKey: Guid(f2c7d109df3523e459a5190c3fc54bd7) Importer(815301076,1909f56bfc062723c751e8b465ee728b)
Start importing Assets/Prefabs/Monsters/Mummy.prefab using Guid(f2c7d109df3523e459a5190c3fc54bd7) Importer(815301076,1909f56bfc062723c751e8b465ee728b)  -> (artifact id: '97e5803f50ba3bf9ece4413fed00fd9a') in 0.057575 seconds 
  Import took 0.066797 seconds .

========================================================================
Received Import Request.
  Time since last request: 1.736265 seconds.
  path: Assets/Prefabs/Monsters/Mummy.prefab
  artifactKey: Guid(f2c7d109df3523e459a5190c3fc54bd7) Importer(815301076,1909f56bfc062723c751e8b465ee728b)
Start importing Assets/Prefabs/Monsters/Mummy.prefab using Guid(f2c7d109df3523e459a5190c3fc54bd7) Importer(815301076,1909f56bfc062723c751e8b465ee728b)  -> (artifact id: 'fcfce9238b350e3e04b58920917bcfd0') in 0.059699 seconds 
  Import took 0.067903 seconds .

========================================================================
Received Import Request.
  Time since last request: 1.884846 seconds.
  path: Assets/Prefabs/Monsters/Mummy.prefab
  artifactKey: Guid(f2c7d109df3523e459a5190c3fc54bd7) Importer(815301076,1909f56bfc062723c751e8b465ee728b)
Start importing Assets/Prefabs/Monsters/Mummy.prefab using Guid(f2c7d109df3523e459a5190c3fc54bd7) Importer(815301076,1909f56bfc062723c751e8b465ee728b)  -> (artifact id: '25404127e833ac3b21d7c59c053f5fa7') in 0.066609 seconds 
  Import took 0.075031 seconds .

========================================================================
Received Import Request.
  Time since last request: 1.452842 seconds.
  path: Assets/Prefabs/Monsters/Mummy.prefab
  artifactKey: Guid(f2c7d109df3523e459a5190c3fc54bd7) Importer(815301076,1909f56bfc062723c751e8b465ee728b)
Start importing Assets/Prefabs/Monsters/Mummy.prefab using Guid(f2c7d109df3523e459a5190c3fc54bd7) Importer(815301076,1909f56bfc062723c751e8b465ee728b)  -> (artifact id: '1c376b4f92088e27715c05f590d0b83a') in 0.059718 seconds 
  Import took 0.069947 seconds .

========================================================================
Received Import Request.
  Time since last request: 1.960985 seconds.
  path: Assets/Prefabs/Monsters/Mummy.prefab
  artifactKey: Guid(f2c7d109df3523e459a5190c3fc54bd7) Importer(815301076,1909f56bfc062723c751e8b465ee728b)
Start importing Assets/Prefabs/Monsters/Mummy.prefab using Guid(f2c7d109df3523e459a5190c3fc54bd7) Importer(815301076,1909f56bfc062723c751e8b465ee728b)  -> (artifact id: '04747ae6f324d116c743ed959d7f6565') in 0.065252 seconds 
  Import took 0.075455 seconds .

========================================================================
Received Import Request.
  Time since last request: 0.816050 seconds.
  path: Assets/Prefabs/Monsters/Mummy.prefab
  artifactKey: Guid(f2c7d109df3523e459a5190c3fc54bd7) Importer(815301076,1909f56bfc062723c751e8b465ee728b)
Start importing Assets/Prefabs/Monsters/Mummy.prefab using Guid(f2c7d109df3523e459a5190c3fc54bd7) Importer(815301076,1909f56bfc062723c751e8b465ee728b)  -> (artifact id: '43d835cfad57f556e5d16dd30880d593') in 0.064823 seconds 
  Import took 0.075690 seconds .

========================================================================
Received Import Request.
  Time since last request: 2.365057 seconds.
  path: Assets/Prefabs/Monsters/Mummy.prefab
  artifactKey: Guid(f2c7d109df3523e459a5190c3fc54bd7) Importer(815301076,1909f56bfc062723c751e8b465ee728b)
Start importing Assets/Prefabs/Monsters/Mummy.prefab using Guid(f2c7d109df3523e459a5190c3fc54bd7) Importer(815301076,1909f56bfc062723c751e8b465ee728b)  -> (artifact id: '8df038407cfb8e795ab8251b9175c43d') in 0.062784 seconds 
  Import took 0.072526 seconds .

========================================================================
Received Import Request.
  Time since last request: 1.024879 seconds.
  path: Assets/Prefabs/Monsters/Mummy.prefab
  artifactKey: Guid(f2c7d109df3523e459a5190c3fc54bd7) Importer(815301076,1909f56bfc062723c751e8b465ee728b)
Start importing Assets/Prefabs/Monsters/Mummy.prefab using Guid(f2c7d109df3523e459a5190c3fc54bd7) Importer(815301076,1909f56bfc062723c751e8b465ee728b)  -> (artifact id: '16aa01c471a3f4244c871c6686a41349') in 0.064378 seconds 
  Import took 0.075589 seconds .

========================================================================
Received Import Request.
  Time since last request: 1.469372 seconds.
  path: Assets/Prefabs/Monsters/Mummy.prefab
  artifactKey: Guid(f2c7d109df3523e459a5190c3fc54bd7) Importer(815301076,1909f56bfc062723c751e8b465ee728b)
Start importing Assets/Prefabs/Monsters/Mummy.prefab using Guid(f2c7d109df3523e459a5190c3fc54bd7) Importer(815301076,1909f56bfc062723c751e8b465ee728b)  -> (artifact id: 'fd58016f5cfae403c56f6eaca3aedd65') in 0.061706 seconds 
  Import took 0.070498 seconds .

========================================================================
Received Import Request.
  Time since last request: 1.350225 seconds.
  path: Assets/Prefabs/Monsters/Mummy.prefab
  artifactKey: Guid(f2c7d109df3523e459a5190c3fc54bd7) Importer(815301076,1909f56bfc062723c751e8b465ee728b)
Start importing Assets/Prefabs/Monsters/Mummy.prefab using Guid(f2c7d109df3523e459a5190c3fc54bd7) Importer(815301076,1909f56bfc062723c751e8b465ee728b)  -> (artifact id: '33e7cc52dfd7edf36dd0f38c3ae3085f') in 0.063430 seconds 
  Import took 0.075919 seconds .

========================================================================
Received Import Request.
  Time since last request: 1.932571 seconds.
  path: Assets/Prefabs/Monsters/Mummy.prefab
  artifactKey: Guid(f2c7d109df3523e459a5190c3fc54bd7) Importer(815301076,1909f56bfc062723c751e8b465ee728b)
Start importing Assets/Prefabs/Monsters/Mummy.prefab using Guid(f2c7d109df3523e459a5190c3fc54bd7) Importer(815301076,1909f56bfc062723c751e8b465ee728b)  -> (artifact id: '03c3130eb76b5a98ace520f5f0644ee8') in 0.070049 seconds 
  Import took 0.079471 seconds .

========================================================================
Received Import Request.
  Time since last request: 2.067165 seconds.
  path: Assets/Prefabs/Monsters/Mummy.prefab
  artifactKey: Guid(f2c7d109df3523e459a5190c3fc54bd7) Importer(815301076,1909f56bfc062723c751e8b465ee728b)
Start importing Assets/Prefabs/Monsters/Mummy.prefab using Guid(f2c7d109df3523e459a5190c3fc54bd7) Importer(815301076,1909f56bfc062723c751e8b465ee728b)  -> (artifact id: 'bf22daaf3199e521babad45e60f917c3') in 0.062717 seconds 
  Import took 0.071398 seconds .

========================================================================
Received Import Request.
  Time since last request: 1.819077 seconds.
  path: Assets/Prefabs/Monsters/Mummy.prefab
  artifactKey: Guid(f2c7d109df3523e459a5190c3fc54bd7) Importer(815301076,1909f56bfc062723c751e8b465ee728b)
Start importing Assets/Prefabs/Monsters/Mummy.prefab using Guid(f2c7d109df3523e459a5190c3fc54bd7) Importer(815301076,1909f56bfc062723c751e8b465ee728b)  -> (artifact id: '9fa1eecafe7f82b48393e377c8924da6') in 0.066158 seconds 
  Import took 0.077957 seconds .

========================================================================
Received Import Request.
  Time since last request: 1.688623 seconds.
  path: Assets/Prefabs/Monsters/Mummy.prefab
  artifactKey: Guid(f2c7d109df3523e459a5190c3fc54bd7) Importer(815301076,1909f56bfc062723c751e8b465ee728b)
Start importing Assets/Prefabs/Monsters/Mummy.prefab using Guid(f2c7d109df3523e459a5190c3fc54bd7) Importer(815301076,1909f56bfc062723c751e8b465ee728b)  -> (artifact id: '67193c3d90549663916c92764a0beba1') in 0.065879 seconds 
  Import took 0.076296 seconds .

========================================================================
Received Import Request.
  Time since last request: 1.214677 seconds.
  path: Assets/Prefabs/Monsters/Mummy.prefab
  artifactKey: Guid(f2c7d109df3523e459a5190c3fc54bd7) Importer(815301076,1909f56bfc062723c751e8b465ee728b)
Start importing Assets/Prefabs/Monsters/Mummy.prefab using Guid(f2c7d109df3523e459a5190c3fc54bd7) Importer(815301076,1909f56bfc062723c751e8b465ee728b)  -> (artifact id: 'c16f4cc93fb71e110ab00e18a622b1ad') in 0.061438 seconds 
  Import took 0.072381 seconds .

========================================================================
Received Import Request.
  Time since last request: 1.757367 seconds.
  path: Assets/Prefabs/Monsters/Mummy.prefab
  artifactKey: Guid(f2c7d109df3523e459a5190c3fc54bd7) Importer(815301076,1909f56bfc062723c751e8b465ee728b)
Start importing Assets/Prefabs/Monsters/Mummy.prefab using Guid(f2c7d109df3523e459a5190c3fc54bd7) Importer(815301076,1909f56bfc062723c751e8b465ee728b)  -> (artifact id: 'e90e5ac0f1ed6e51df6682dbb380c894') in 0.061215 seconds 
  Import took 0.070703 seconds .

========================================================================
Received Import Request.
  Time since last request: 1.658609 seconds.
  path: Assets/Prefabs/Monsters/Mummy.prefab
  artifactKey: Guid(f2c7d109df3523e459a5190c3fc54bd7) Importer(815301076,1909f56bfc062723c751e8b465ee728b)
Start importing Assets/Prefabs/Monsters/Mummy.prefab using Guid(f2c7d109df3523e459a5190c3fc54bd7) Importer(815301076,1909f56bfc062723c751e8b465ee728b)  -> (artifact id: '656f507d9a50be0c6262c53eeebf9f64') in 0.059512 seconds 
  Import took 0.067867 seconds .

========================================================================
Received Import Request.
  Time since last request: 2.018155 seconds.
  path: Assets/Prefabs/Monsters/Mummy.prefab
  artifactKey: Guid(f2c7d109df3523e459a5190c3fc54bd7) Importer(815301076,1909f56bfc062723c751e8b465ee728b)
Start importing Assets/Prefabs/Monsters/Mummy.prefab using Guid(f2c7d109df3523e459a5190c3fc54bd7) Importer(815301076,1909f56bfc062723c751e8b465ee728b)  -> (artifact id: 'c078738a7e1f921a2956142a6b4bdb5d') in 0.050092 seconds 
  Import took 0.059008 seconds .

========================================================================
Received Import Request.
  Time since last request: 1.747480 seconds.
  path: Assets/Prefabs/Monsters/Mummy.prefab
  artifactKey: Guid(f2c7d109df3523e459a5190c3fc54bd7) Importer(815301076,1909f56bfc062723c751e8b465ee728b)
Start importing Assets/Prefabs/Monsters/Mummy.prefab using Guid(f2c7d109df3523e459a5190c3fc54bd7) Importer(815301076,1909f56bfc062723c751e8b465ee728b)  -> (artifact id: 'cccc4f4b0c0d1ca277b0c4bc453138f4') in 0.046254 seconds 
  Import took 0.054108 seconds .

========================================================================
Received Import Request.
  Time since last request: 1.664600 seconds.
  path: Assets/Prefabs/Monsters/Mummy.prefab
  artifactKey: Guid(f2c7d109df3523e459a5190c3fc54bd7) Importer(815301076,1909f56bfc062723c751e8b465ee728b)
Start importing Assets/Prefabs/Monsters/Mummy.prefab using Guid(f2c7d109df3523e459a5190c3fc54bd7) Importer(815301076,1909f56bfc062723c751e8b465ee728b)  -> (artifact id: '57c0af7f6759e05b88512a73dae2a378') in 0.044951 seconds 
  Import took 0.052525 seconds .

========================================================================
Received Prepare
Registering precompiled user dll's ...
Registered in 0.015830 seconds.
Begin MonoManager ReloadAssembly
Native extension for WindowsStandalone target not found
Refreshing native plugins compatible for Editor in 1.70 ms, found 6 plugins.
Preloading 0 native plugins for Editor in 0.00 ms.
Mono: successfully reloaded assembly
- Completed reload, in  1.986 seconds
Domain Reload Profiling:
	ReloadAssembly (1986ms)
		BeginReloadAssembly (185ms)
			ExecutionOrderSort (0ms)
			DisableScriptedObjects (7ms)
			BackupInstance (0ms)
			ReleaseScriptingObjects (0ms)
			CreateAndSetChildDomain (64ms)
		EndReloadAssembly (1709ms)
			LoadAssemblies (133ms)
			RebuildTransferFunctionScriptingTraits (0ms)
			SetupTypeCache (431ms)
			ReleaseScriptCaches (2ms)
			RebuildScriptCaches (90ms)
			SetupLoadedEditorAssemblies (876ms)
				LogAssemblyErrors (0ms)
				InitializePlatformSupportModulesInManaged (7ms)
				SetLoadedEditorAssemblies (1ms)
				RefreshPlugins (2ms)
				BeforeProcessingInitializeOnLoad (185ms)
				ProcessInitializeOnLoadAttributes (618ms)
				ProcessInitializeOnLoadMethodAttributes (52ms)
				AfterProcessingInitializeOnLoad (12ms)
				EditorAssembliesLoaded (1ms)
			ExecutionOrderSort2 (0ms)
			AwakeInstancesAfterBackupRestoration (9ms)
Platform modules already initialized, skipping
Refreshing native plugins compatible for Editor in 1.60 ms, found 6 plugins.
Preloading 0 native plugins for Editor in 0.00 ms.
Unloading 3242 Unused Serialized files (Serialized files now loaded: 0)
System memory in use before: 130.3 MB.
System memory in use after: 130.5 MB.

Unloading 119 unused Assets to reduce memory usage. Loaded Objects now: 3607.
Total: 10.536300 ms (FindLiveObjects: 0.319800 ms CreateObjectMapping: 0.161600 ms MarkObjects: 9.941900 ms  DeleteObjects: 0.111500 ms)

AssetImportParameters requested are different than current active one (requested -> active):
  custom:framework-win-MediaFoundation: 216162199b28c13a410421893ffa2e32 -> 
  custom:video-decoder-ogg-theora: a1e56fd34408186e4bbccfd4996cb3dc -> 
  custom:container-muxer-webm: aa71ff27fc2769a1b78a27578f13a17b -> 
  custom:container-demuxer-webm: 4f35f7cbe854078d1ac9338744f61a02 -> 
  custom:container-demuxer-ogg: 62fdf1f143b41e24485cea50d1cbac27 -> 
  custom:video-encoder-webm-vp8: eb34c28f22e8b96e1ab97ce403110664 -> 
  custom:video-decoder-webm-vp8: 9c59270c3fd7afecdb556c50c9e8de78 -> 
  custom:audio-decoder-ogg-vorbis: bf7c407c2cedff20999df2af8eb42d56 -> 
  custom:audio-encoder-webm-vorbis: bf7c407c2cedff20999df2af8eb42d56 -> 
========================================================================
Received Import Request.
  Time since last request: 76.275252 seconds.
  path: Assets/Prefabs/Monsters/Mummy.prefab
  artifactKey: Guid(f2c7d109df3523e459a5190c3fc54bd7) Importer(815301076,1909f56bfc062723c751e8b465ee728b)
Start importing Assets/Prefabs/Monsters/Mummy.prefab using Guid(f2c7d109df3523e459a5190c3fc54bd7) Importer(815301076,1909f56bfc062723c751e8b465ee728b)  -> (artifact id: 'f1bb08b65d5c8a27499e5bf5025febd0') in 0.125103 seconds 
  Import took 0.133084 seconds .

========================================================================
Received Import Request.
  Time since last request: 1.218925 seconds.
  path: Assets/Prefabs/Monsters/Mummy.prefab
  artifactKey: Guid(f2c7d109df3523e459a5190c3fc54bd7) Importer(815301076,1909f56bfc062723c751e8b465ee728b)
Start importing Assets/Prefabs/Monsters/Mummy.prefab using Guid(f2c7d109df3523e459a5190c3fc54bd7) Importer(815301076,1909f56bfc062723c751e8b465ee728b)  -> (artifact id: '7ee75980e836e294f0d863342e100be3') in 0.034376 seconds 
  Import took 0.043577 seconds .

========================================================================
Received Import Request.
  Time since last request: 9.496638 seconds.
  path: Assets/Prefabs/Monsters/Mummy.prefab
  artifactKey: Guid(f2c7d109df3523e459a5190c3fc54bd7) Importer(815301076,1909f56bfc062723c751e8b465ee728b)
Start importing Assets/Prefabs/Monsters/Mummy.prefab using Guid(f2c7d109df3523e459a5190c3fc54bd7) Importer(815301076,1909f56bfc062723c751e8b465ee728b)  -> (artifact id: '25ef205c9a993fe7365e7d6656a3d6f7') in 0.033636 seconds 
  Import took 0.041994 seconds .

========================================================================
Received Import Request.
  Time since last request: 10.227951 seconds.
  path: Assets/Prefabs/Monsters/Mummy.prefab
  artifactKey: Guid(f2c7d109df3523e459a5190c3fc54bd7) Importer(815301076,1909f56bfc062723c751e8b465ee728b)
Start importing Assets/Prefabs/Monsters/Mummy.prefab using Guid(f2c7d109df3523e459a5190c3fc54bd7) Importer(815301076,1909f56bfc062723c751e8b465ee728b)  -> (artifact id: 'c7f1501a21d805894c9715c789c963eb') in 0.036348 seconds 
  Import took 0.044249 seconds .

========================================================================
Received Import Request.
  Time since last request: 5.187204 seconds.
  path: Assets/Prefabs/Monsters/Mummy.prefab
  artifactKey: Guid(f2c7d109df3523e459a5190c3fc54bd7) Importer(815301076,1909f56bfc062723c751e8b465ee728b)
Start importing Assets/Prefabs/Monsters/Mummy.prefab using Guid(f2c7d109df3523e459a5190c3fc54bd7) Importer(815301076,1909f56bfc062723c751e8b465ee728b)  -> (artifact id: 'c07fec92413029faa4cc7f974e5ff99c') in 0.036012 seconds 
  Import took 0.044214 seconds .

========================================================================
Received Import Request.
  Time since last request: 1.672000 seconds.
  path: Assets/Prefabs/Monsters/Mummy.prefab
  artifactKey: Guid(f2c7d109df3523e459a5190c3fc54bd7) Importer(815301076,1909f56bfc062723c751e8b465ee728b)
Start importing Assets/Prefabs/Monsters/Mummy.prefab using Guid(f2c7d109df3523e459a5190c3fc54bd7) Importer(815301076,1909f56bfc062723c751e8b465ee728b)  -> (artifact id: '68cd216494051e87d59ee871b2401d4f') in 0.033469 seconds 
  Import took 0.042312 seconds .

========================================================================
Received Import Request.
  Time since last request: 1.869212 seconds.
  path: Assets/Prefabs/Monsters/Mummy.prefab
  artifactKey: Guid(f2c7d109df3523e459a5190c3fc54bd7) Importer(815301076,1909f56bfc062723c751e8b465ee728b)
Start importing Assets/Prefabs/Monsters/Mummy.prefab using Guid(f2c7d109df3523e459a5190c3fc54bd7) Importer(815301076,1909f56bfc062723c751e8b465ee728b)  -> (artifact id: '899dc0abe62c88c1ffcea8caeb8c1fac') in 0.036818 seconds 
  Import took 0.045763 seconds .

========================================================================
Received Import Request.
  Time since last request: 2.089571 seconds.
  path: Assets/Prefabs/Monsters/Mummy.prefab
  artifactKey: Guid(f2c7d109df3523e459a5190c3fc54bd7) Importer(815301076,1909f56bfc062723c751e8b465ee728b)
Start importing Assets/Prefabs/Monsters/Mummy.prefab using Guid(f2c7d109df3523e459a5190c3fc54bd7) Importer(815301076,1909f56bfc062723c751e8b465ee728b)  -> (artifact id: 'e4cac602306d060c49b8ac43410c74ea') in 0.042759 seconds 
  Import took 0.051619 seconds .

========================================================================
Received Import Request.
  Time since last request: 3.639078 seconds.
  path: Assets/Prefabs/Monsters/Mummy.prefab
  artifactKey: Guid(f2c7d109df3523e459a5190c3fc54bd7) Importer(815301076,1909f56bfc062723c751e8b465ee728b)
Start importing Assets/Prefabs/Monsters/Mummy.prefab using Guid(f2c7d109df3523e459a5190c3fc54bd7) Importer(815301076,1909f56bfc062723c751e8b465ee728b)  -> (artifact id: '8b6e1957c199f9783a71832d12919332') in 0.033486 seconds 
  Import took 0.042725 seconds .

========================================================================
Received Import Request.
  Time since last request: 2.337747 seconds.
  path: Assets/Prefabs/Monsters/Mummy.prefab
  artifactKey: Guid(f2c7d109df3523e459a5190c3fc54bd7) Importer(815301076,1909f56bfc062723c751e8b465ee728b)
Start importing Assets/Prefabs/Monsters/Mummy.prefab using Guid(f2c7d109df3523e459a5190c3fc54bd7) Importer(815301076,1909f56bfc062723c751e8b465ee728b)  -> (artifact id: 'ad4f19f603b23340032fd29c5bc02e4e') in 0.038909 seconds 
  Import took 0.048419 seconds .

========================================================================
Received Import Request.
  Time since last request: 2.513490 seconds.
  path: Assets/Prefabs/Monsters/Mummy.prefab
  artifactKey: Guid(f2c7d109df3523e459a5190c3fc54bd7) Importer(815301076,1909f56bfc062723c751e8b465ee728b)
Start importing Assets/Prefabs/Monsters/Mummy.prefab using Guid(f2c7d109df3523e459a5190c3fc54bd7) Importer(815301076,1909f56bfc062723c751e8b465ee728b)  -> (artifact id: '39f85c7125c29c154e6d7a599b1ef552') in 0.034226 seconds 
  Import took 0.042750 seconds .

========================================================================
Received Import Request.
  Time since last request: 1.895323 seconds.
  path: Assets/Prefabs/Monsters/Mummy.prefab
  artifactKey: Guid(f2c7d109df3523e459a5190c3fc54bd7) Importer(815301076,1909f56bfc062723c751e8b465ee728b)
Start importing Assets/Prefabs/Monsters/Mummy.prefab using Guid(f2c7d109df3523e459a5190c3fc54bd7) Importer(815301076,1909f56bfc062723c751e8b465ee728b)  -> (artifact id: 'db1569ee3cf02312aab157414ebf5e1c') in 0.031169 seconds 
  Import took 0.041070 seconds .

========================================================================
Received Prepare
Registering precompiled user dll's ...
Registered in 0.015958 seconds.
Begin MonoManager ReloadAssembly
Native extension for WindowsStandalone target not found
Refreshing native plugins compatible for Editor in 1.54 ms, found 6 plugins.
Preloading 0 native plugins for Editor in 0.00 ms.
Mono: successfully reloaded assembly
- Completed reload, in  1.959 seconds
Domain Reload Profiling:
	ReloadAssembly (1960ms)
		BeginReloadAssembly (192ms)
			ExecutionOrderSort (0ms)
			DisableScriptedObjects (8ms)
			BackupInstance (0ms)
			ReleaseScriptingObjects (0ms)
			CreateAndSetChildDomain (67ms)
		EndReloadAssembly (1660ms)
			LoadAssemblies (151ms)
			RebuildTransferFunctionScriptingTraits (0ms)
			SetupTypeCache (475ms)
			ReleaseScriptCaches (3ms)
			RebuildScriptCaches (88ms)
			SetupLoadedEditorAssemblies (804ms)
				LogAssemblyErrors (0ms)
				InitializePlatformSupportModulesInManaged (9ms)
				SetLoadedEditorAssemblies (1ms)
				RefreshPlugins (2ms)
				BeforeProcessingInitializeOnLoad (168ms)
				ProcessInitializeOnLoadAttributes (574ms)
				ProcessInitializeOnLoadMethodAttributes (42ms)
				AfterProcessingInitializeOnLoad (9ms)
				EditorAssembliesLoaded (0ms)
			ExecutionOrderSort2 (0ms)
			AwakeInstancesAfterBackupRestoration (8ms)
Platform modules already initialized, skipping
Refreshing native plugins compatible for Editor in 2.13 ms, found 6 plugins.
Preloading 0 native plugins for Editor in 0.00 ms.
Unloading 3242 Unused Serialized files (Serialized files now loaded: 0)
System memory in use before: 135.4 MB.
System memory in use after: 135.6 MB.

Unloading 119 unused Assets to reduce memory usage. Loaded Objects now: 3610.
Total: 11.065900 ms (FindLiveObjects: 0.356200 ms CreateObjectMapping: 0.179100 ms MarkObjects: 10.457900 ms  DeleteObjects: 0.070000 ms)

AssetImportParameters requested are different than current active one (requested -> active):
  custom:framework-win-MediaFoundation: 216162199b28c13a410421893ffa2e32 -> 
  custom:video-decoder-ogg-theora: a1e56fd34408186e4bbccfd4996cb3dc -> 
  custom:container-muxer-webm: aa71ff27fc2769a1b78a27578f13a17b -> 
  custom:container-demuxer-webm: 4f35f7cbe854078d1ac9338744f61a02 -> 
  custom:container-demuxer-ogg: 62fdf1f143b41e24485cea50d1cbac27 -> 
  custom:video-encoder-webm-vp8: eb34c28f22e8b96e1ab97ce403110664 -> 
  custom:video-decoder-webm-vp8: 9c59270c3fd7afecdb556c50c9e8de78 -> 
  custom:audio-decoder-ogg-vorbis: bf7c407c2cedff20999df2af8eb42d56 -> 
  custom:audio-encoder-webm-vorbis: bf7c407c2cedff20999df2af8eb42d56 -> 
========================================================================
Received Import Request.
  Time since last request: 670.156641 seconds.
  path: Assets/Assets.index
  artifactKey: Guid(62ed74524aeb35540a0b06e48576c612) Importer(815301076,1909f56bfc062723c751e8b465ee728b)
Start importing Assets/Assets.index using Guid(62ed74524aeb35540a0b06e48576c612) Importer(815301076,1909f56bfc062723c751e8b465ee728b)  -> (artifact id: 'bb1fc66ec97cf524e38f68304b342984') in 0.053792 seconds 
  Import took 0.061558 seconds .

========================================================================
Received Prepare
Registering precompiled user dll's ...
Registered in 0.014294 seconds.
Begin MonoManager ReloadAssembly
Native extension for WindowsStandalone target not found
Refreshing native plugins compatible for Editor in 1.80 ms, found 6 plugins.
Preloading 0 native plugins for Editor in 0.00 ms.
Mono: successfully reloaded assembly
- Completed reload, in  1.985 seconds
Domain Reload Profiling:
	ReloadAssembly (1985ms)
		BeginReloadAssembly (154ms)
			ExecutionOrderSort (0ms)
			DisableScriptedObjects (8ms)
			BackupInstance (0ms)
			ReleaseScriptingObjects (0ms)
			CreateAndSetChildDomain (54ms)
		EndReloadAssembly (1741ms)
			LoadAssemblies (125ms)
			RebuildTransferFunctionScriptingTraits (0ms)
			SetupTypeCache (455ms)
			ReleaseScriptCaches (3ms)
			RebuildScriptCaches (93ms)
			SetupLoadedEditorAssemblies (892ms)
				LogAssemblyErrors (0ms)
				InitializePlatformSupportModulesInManaged (8ms)
				SetLoadedEditorAssemblies (1ms)
				RefreshPlugins (2ms)
				BeforeProcessingInitializeOnLoad (162ms)
				ProcessInitializeOnLoadAttributes (652ms)
				ProcessInitializeOnLoadMethodAttributes (45ms)
				AfterProcessingInitializeOnLoad (21ms)
				EditorAssembliesLoaded (1ms)
			ExecutionOrderSort2 (0ms)
			AwakeInstancesAfterBackupRestoration (18ms)
Platform modules already initialized, skipping
Refreshing native plugins compatible for Editor in 1.67 ms, found 6 plugins.
Preloading 0 native plugins for Editor in 0.00 ms.
Unloading 3242 Unused Serialized files (Serialized files now loaded: 0)
System memory in use before: 135.4 MB.
System memory in use after: 135.6 MB.

Unloading 119 unused Assets to reduce memory usage. Loaded Objects now: 3612.
Total: 10.291900 ms (FindLiveObjects: 0.318800 ms CreateObjectMapping: 0.160100 ms MarkObjects: 9.699300 ms  DeleteObjects: 0.112500 ms)

AssetImportParameters requested are different than current active one (requested -> active):
  custom:framework-win-MediaFoundation: 216162199b28c13a410421893ffa2e32 -> 
  custom:video-decoder-ogg-theora: a1e56fd34408186e4bbccfd4996cb3dc -> 
  custom:container-muxer-webm: aa71ff27fc2769a1b78a27578f13a17b -> 
  custom:container-demuxer-webm: 4f35f7cbe854078d1ac9338744f61a02 -> 
  custom:container-demuxer-ogg: 62fdf1f143b41e24485cea50d1cbac27 -> 
  custom:video-encoder-webm-vp8: eb34c28f22e8b96e1ab97ce403110664 -> 
  custom:video-decoder-webm-vp8: 9c59270c3fd7afecdb556c50c9e8de78 -> 
  custom:audio-decoder-ogg-vorbis: bf7c407c2cedff20999df2af8eb42d56 -> 
  custom:audio-encoder-webm-vorbis: bf7c407c2cedff20999df2af8eb42d56 -> 
========================================================================
Received Prepare
Registering precompiled user dll's ...
Registered in 0.016416 seconds.
Begin MonoManager ReloadAssembly
Native extension for WindowsStandalone target not found
Refreshing native plugins compatible for Editor in 1.67 ms, found 6 plugins.
Preloading 0 native plugins for Editor in 0.00 ms.
Mono: successfully reloaded assembly
- Completed reload, in  2.090 seconds
Domain Reload Profiling:
	ReloadAssembly (2090ms)
		BeginReloadAssembly (219ms)
			ExecutionOrderSort (0ms)
			DisableScriptedObjects (8ms)
			BackupInstance (0ms)
			ReleaseScriptingObjects (0ms)
			CreateAndSetChildDomain (85ms)
		EndReloadAssembly (1780ms)
			LoadAssemblies (163ms)
			RebuildTransferFunctionScriptingTraits (0ms)
			SetupTypeCache (439ms)
			ReleaseScriptCaches (4ms)
			RebuildScriptCaches (104ms)
			SetupLoadedEditorAssemblies (904ms)
				LogAssemblyErrors (0ms)
				InitializePlatformSupportModulesInManaged (7ms)
				SetLoadedEditorAssemblies (1ms)
				RefreshPlugins (2ms)
				BeforeProcessingInitializeOnLoad (227ms)
				ProcessInitializeOnLoadAttributes (618ms)
				ProcessInitializeOnLoadMethodAttributes (41ms)
				AfterProcessingInitializeOnLoad (9ms)
				EditorAssembliesLoaded (0ms)
			ExecutionOrderSort2 (0ms)
			AwakeInstancesAfterBackupRestoration (8ms)
Platform modules already initialized, skipping
Refreshing native plugins compatible for Editor in 1.94 ms, found 6 plugins.
Preloading 0 native plugins for Editor in 0.00 ms.
Unloading 3242 Unused Serialized files (Serialized files now loaded: 0)
System memory in use before: 135.4 MB.
System memory in use after: 135.6 MB.

Unloading 119 unused Assets to reduce memory usage. Loaded Objects now: 3614.
Total: 10.850000 ms (FindLiveObjects: 0.314700 ms CreateObjectMapping: 0.129800 ms MarkObjects: 10.298800 ms  DeleteObjects: 0.092000 ms)

AssetImportParameters requested are different than current active one (requested -> active):
  custom:framework-win-MediaFoundation: 216162199b28c13a410421893ffa2e32 -> 
  custom:video-decoder-ogg-theora: a1e56fd34408186e4bbccfd4996cb3dc -> 
  custom:container-muxer-webm: aa71ff27fc2769a1b78a27578f13a17b -> 
  custom:container-demuxer-webm: 4f35f7cbe854078d1ac9338744f61a02 -> 
  custom:container-demuxer-ogg: 62fdf1f143b41e24485cea50d1cbac27 -> 
  custom:video-encoder-webm-vp8: eb34c28f22e8b96e1ab97ce403110664 -> 
  custom:video-decoder-webm-vp8: 9c59270c3fd7afecdb556c50c9e8de78 -> 
  custom:audio-decoder-ogg-vorbis: bf7c407c2cedff20999df2af8eb42d56 -> 
  custom:audio-encoder-webm-vorbis: bf7c407c2cedff20999df2af8eb42d56 -> 
========================================================================
Received Import Request.
  Time since last request: 405.115047 seconds.
  path: Assets/Assets.index
  artifactKey: Guid(62ed74524aeb35540a0b06e48576c612) Importer(815301076,1909f56bfc062723c751e8b465ee728b)
Start importing Assets/Assets.index using Guid(62ed74524aeb35540a0b06e48576c612) Importer(815301076,1909f56bfc062723c751e8b465ee728b)  -> (artifact id: '77c34f22099c353801f8a87300a7c33b') in 0.043373 seconds 
  Import took 0.050153 seconds .

========================================================================
Received Prepare
Registering precompiled user dll's ...
Registered in 0.014664 seconds.
Begin MonoManager ReloadAssembly
Native extension for WindowsStandalone target not found
Refreshing native plugins compatible for Editor in 3.05 ms, found 6 plugins.
Preloading 0 native plugins for Editor in 0.00 ms.
Mono: successfully reloaded assembly
- Completed reload, in  1.976 seconds
Domain Reload Profiling:
	ReloadAssembly (1976ms)
		BeginReloadAssembly (152ms)
			ExecutionOrderSort (0ms)
			DisableScriptedObjects (13ms)
			BackupInstance (0ms)
			ReleaseScriptingObjects (0ms)
			CreateAndSetChildDomain (51ms)
		EndReloadAssembly (1740ms)
			LoadAssemblies (123ms)
			RebuildTransferFunctionScriptingTraits (0ms)
			SetupTypeCache (440ms)
			ReleaseScriptCaches (2ms)
			RebuildScriptCaches (108ms)
			SetupLoadedEditorAssemblies (884ms)
				LogAssemblyErrors (0ms)
				InitializePlatformSupportModulesInManaged (10ms)
				SetLoadedEditorAssemblies (1ms)
				RefreshPlugins (3ms)
				BeforeProcessingInitializeOnLoad (192ms)
				ProcessInitializeOnLoadAttributes (623ms)
				ProcessInitializeOnLoadMethodAttributes (47ms)
				AfterProcessingInitializeOnLoad (9ms)
				EditorAssembliesLoaded (0ms)
			ExecutionOrderSort2 (0ms)
			AwakeInstancesAfterBackupRestoration (8ms)
Platform modules already initialized, skipping
Refreshing native plugins compatible for Editor in 1.66 ms, found 6 plugins.
Preloading 0 native plugins for Editor in 0.00 ms.
Unloading 3242 Unused Serialized files (Serialized files now loaded: 0)
System memory in use before: 135.4 MB.
System memory in use after: 135.6 MB.

Unloading 119 unused Assets to reduce memory usage. Loaded Objects now: 3616.
Total: 10.789400 ms (FindLiveObjects: 0.308500 ms CreateObjectMapping: 0.209700 ms MarkObjects: 10.166500 ms  DeleteObjects: 0.103300 ms)

AssetImportParameters requested are different than current active one (requested -> active):
  custom:framework-win-MediaFoundation: 216162199b28c13a410421893ffa2e32 -> 
  custom:video-decoder-ogg-theora: a1e56fd34408186e4bbccfd4996cb3dc -> 
  custom:container-muxer-webm: aa71ff27fc2769a1b78a27578f13a17b -> 
  custom:container-demuxer-webm: 4f35f7cbe854078d1ac9338744f61a02 -> 
  custom:container-demuxer-ogg: 62fdf1f143b41e24485cea50d1cbac27 -> 
  custom:video-encoder-webm-vp8: eb34c28f22e8b96e1ab97ce403110664 -> 
  custom:video-decoder-webm-vp8: 9c59270c3fd7afecdb556c50c9e8de78 -> 
  custom:audio-decoder-ogg-vorbis: bf7c407c2cedff20999df2af8eb42d56 -> 
  custom:audio-encoder-webm-vorbis: bf7c407c2cedff20999df2af8eb42d56 -> 
========================================================================
Received Prepare
Registering precompiled user dll's ...
Registered in 0.013898 seconds.
Begin MonoManager ReloadAssembly
Native extension for WindowsStandalone target not found
Refreshing native plugins compatible for Editor in 1.94 ms, found 6 plugins.
Preloading 0 native plugins for Editor in 0.00 ms.
Mono: successfully reloaded assembly
- Completed reload, in  1.870 seconds
Domain Reload Profiling:
	ReloadAssembly (1871ms)
		BeginReloadAssembly (141ms)
			ExecutionOrderSort (0ms)
			DisableScriptedObjects (7ms)
			BackupInstance (0ms)
			ReleaseScriptingObjects (0ms)
			CreateAndSetChildDomain (48ms)
		EndReloadAssembly (1602ms)
			LoadAssemblies (123ms)
			RebuildTransferFunctionScriptingTraits (0ms)
			SetupTypeCache (376ms)
			ReleaseScriptCaches (2ms)
			RebuildScriptCaches (84ms)
			SetupLoadedEditorAssemblies (861ms)
				LogAssemblyErrors (0ms)
				InitializePlatformSupportModulesInManaged (8ms)
				SetLoadedEditorAssemblies (1ms)
				RefreshPlugins (2ms)
				BeforeProcessingInitializeOnLoad (173ms)
				ProcessInitializeOnLoadAttributes (617ms)
				ProcessInitializeOnLoadMethodAttributes (40ms)
				AfterProcessingInitializeOnLoad (19ms)
				EditorAssembliesLoaded (1ms)
			ExecutionOrderSort2 (0ms)
			AwakeInstancesAfterBackupRestoration (15ms)
Platform modules already initialized, skipping
Refreshing native plugins compatible for Editor in 1.68 ms, found 6 plugins.
Preloading 0 native plugins for Editor in 0.00 ms.
Unloading 3242 Unused Serialized files (Serialized files now loaded: 0)
System memory in use before: 135.4 MB.
System memory in use after: 135.7 MB.

Unloading 119 unused Assets to reduce memory usage. Loaded Objects now: 3618.
Total: 10.479500 ms (FindLiveObjects: 0.454400 ms CreateObjectMapping: 0.172500 ms MarkObjects: 9.735500 ms  DeleteObjects: 0.115400 ms)

AssetImportParameters requested are different than current active one (requested -> active):
  custom:framework-win-MediaFoundation: 216162199b28c13a410421893ffa2e32 -> 
  custom:video-decoder-ogg-theora: a1e56fd34408186e4bbccfd4996cb3dc -> 
  custom:container-muxer-webm: aa71ff27fc2769a1b78a27578f13a17b -> 
  custom:container-demuxer-webm: 4f35f7cbe854078d1ac9338744f61a02 -> 
  custom:container-demuxer-ogg: 62fdf1f143b41e24485cea50d1cbac27 -> 
  custom:video-encoder-webm-vp8: eb34c28f22e8b96e1ab97ce403110664 -> 
  custom:video-decoder-webm-vp8: 9c59270c3fd7afecdb556c50c9e8de78 -> 
  custom:audio-decoder-ogg-vorbis: bf7c407c2cedff20999df2af8eb42d56 -> 
  custom:audio-encoder-webm-vorbis: bf7c407c2cedff20999df2af8eb42d56 -> 
AssetImportWorkerClient::OnTransportError - code=2 error=End of file
